0 info it worked if it ends with ok
1 verbose cli [ '/usr/bin/nodejs',
1 verbose cli   '/usr/bin/npm',
1 verbose cli   'install',
1 verbose cli   '--save-dev',
1 verbose cli   '@types/materialize-css' ]
2 info using npm@3.10.10
3 info using node@v7.2.1
4 silly loadCurrentTree Starting
5 silly install loadCurrentTree
6 silly install readLocalPackageData
7 silly fetchPackageMetaData @types/materialize-css
8 silly fetchNamedPackageData @types/materialize-css
9 silly mapToRegistry name @types/materialize-css
10 silly mapToRegistry scope (from package name) @types
11 verbose mapToRegistry no registry URL found in name for scope @types
12 silly mapToRegistry using default registry
13 silly mapToRegistry registry https://registry.npmjs.org/
14 silly mapToRegistry data Result {
14 silly mapToRegistry   raw: '@types/materialize-css',
14 silly mapToRegistry   scope: '@types',
14 silly mapToRegistry   escapedName: '@types%2fmaterialize-css',
14 silly mapToRegistry   name: '@types/materialize-css',
14 silly mapToRegistry   rawSpec: '',
14 silly mapToRegistry   spec: 'latest',
14 silly mapToRegistry   type: 'tag' }
15 silly mapToRegistry uri https://registry.npmjs.org/@types%2fmaterialize-css
16 verbose request uri https://registry.npmjs.org/@types%2fmaterialize-css
17 verbose request no auth needed
18 info attempt registry request try #1 at 20:19:49
19 verbose request id 4da7dd087027d1c2
20 verbose etag "58598b34-49c4"
21 http request GET https://registry.npmjs.org/@types%2fmaterialize-css
22 http 304 https://registry.npmjs.org/@types%2fmaterialize-css
23 verbose headers { date: 'Thu, 22 Dec 2016 19:19:51 GMT',
23 verbose headers   via: '1.1 varnish',
23 verbose headers   'cache-control': 'max-age=0',
23 verbose headers   etag: '"58598b34-49c4"',
23 verbose headers   age: '0',
23 verbose headers   connection: 'keep-alive',
23 verbose headers   'x-served-by': 'cache-cdg8732-CDG',
23 verbose headers   'x-cache': 'MISS',
23 verbose headers   'x-cache-hits': '0',
23 verbose headers   'x-timer': 'S1482434391.295290,VS0,VE399',
23 verbose headers   vary: 'Accept-Encoding' }
24 silly get cb [ 304,
24 silly get   { date: 'Thu, 22 Dec 2016 19:19:51 GMT',
24 silly get     via: '1.1 varnish',
24 silly get     'cache-control': 'max-age=0',
24 silly get     etag: '"58598b34-49c4"',
24 silly get     age: '0',
24 silly get     connection: 'keep-alive',
24 silly get     'x-served-by': 'cache-cdg8732-CDG',
24 silly get     'x-cache': 'MISS',
24 silly get     'x-cache-hits': '0',
24 silly get     'x-timer': 'S1482434391.295290,VS0,VE399',
24 silly get     vary: 'Accept-Encoding' } ]
25 verbose etag https://registry.npmjs.org/@types%2fmaterialize-css from cache
26 verbose get saving @types/materialize-css to /home/labrit/.npm/registry.npmjs.org/_40types_252fmaterialize-css/.cache.json
27 verbose correctMkdir /home/labrit/.npm correctMkdir not in flight; initializing
28 silly install normalizeTree
29 silly loadCurrentTree Finishing
30 silly loadIdealTree Starting
31 silly install loadIdealTree
32 silly cloneCurrentTree Starting
33 silly install cloneCurrentTreeToIdealTree
34 silly cloneCurrentTree Finishing
35 silly loadShrinkwrap Starting
36 silly install loadShrinkwrap
37 silly loadShrinkwrap Finishing
38 silly loadAllDepsIntoIdealTree Starting
39 silly install loadAllDepsIntoIdealTree
40 silly resolveWithNewModule @types/materialize-css@0.97.33 checking installable status
41 silly cache add args [ '@types/materialize-css', null ]
42 verbose cache add spec @types/materialize-css
43 silly cache add parsed spec Result {
43 silly cache add   raw: '@types/materialize-css',
43 silly cache add   scope: '@types',
43 silly cache add   escapedName: '@types%2fmaterialize-css',
43 silly cache add   name: '@types/materialize-css',
43 silly cache add   rawSpec: '',
43 silly cache add   spec: 'latest',
43 silly cache add   type: 'tag' }
44 silly addNamed @types/materialize-css@latest
45 verbose addNamed "latest" is being treated as a dist-tag for @types/materialize-css
46 info addNameTag [ '@types/materialize-css', 'latest' ]
47 silly mapToRegistry name @types/materialize-css
48 silly mapToRegistry scope (from package name) @types
49 verbose mapToRegistry no registry URL found in name for scope @types
50 silly mapToRegistry using default registry
51 silly mapToRegistry registry https://registry.npmjs.org/
52 silly mapToRegistry data Result {
52 silly mapToRegistry   raw: '@types/materialize-css',
52 silly mapToRegistry   scope: '@types',
52 silly mapToRegistry   escapedName: '@types%2fmaterialize-css',
52 silly mapToRegistry   name: '@types/materialize-css',
52 silly mapToRegistry   rawSpec: '',
52 silly mapToRegistry   spec: 'latest',
52 silly mapToRegistry   type: 'tag' }
53 silly mapToRegistry uri https://registry.npmjs.org/@types%2fmaterialize-css
54 verbose addNameTag registry:https://registry.npmjs.org/@types%2fmaterialize-css not in flight; fetching
55 verbose get https://registry.npmjs.org/@types%2fmaterialize-css not expired, no request
56 silly addNameTag next cb for @types/materialize-css with tag latest
57 silly addNamed @types/materialize-css@0.97.33
58 verbose addNamed "0.97.33" is a plain semver version for @types/materialize-css
59 silly cache afterAdd @types/materialize-css@0.97.33
60 verbose afterAdd /home/labrit/.npm/@types/materialize-css/0.97.33/package/package.json not in flight; writing
61 verbose correctMkdir /home/labrit/.npm correctMkdir not in flight; initializing
62 verbose afterAdd /home/labrit/.npm/@types/materialize-css/0.97.33/package/package.json written
63 silly fetchNamedPackageData @types/pickadate
64 silly mapToRegistry name @types/pickadate
65 silly mapToRegistry scope (from package name) @types
66 verbose mapToRegistry no registry URL found in name for scope @types
67 silly mapToRegistry using default registry
68 silly mapToRegistry registry https://registry.npmjs.org/
69 silly mapToRegistry data Result {
69 silly mapToRegistry   raw: '@types/pickadate',
69 silly mapToRegistry   scope: '@types',
69 silly mapToRegistry   escapedName: '@types%2fpickadate',
69 silly mapToRegistry   name: '@types/pickadate',
69 silly mapToRegistry   rawSpec: '',
69 silly mapToRegistry   spec: 'latest',
69 silly mapToRegistry   type: 'tag' }
70 silly mapToRegistry uri https://registry.npmjs.org/@types%2fpickadate
71 verbose request uri https://registry.npmjs.org/@types%2fpickadate
72 verbose request no auth needed
73 info attempt registry request try #1 at 20:19:51
74 verbose etag "58598ba0-3608"
75 http request GET https://registry.npmjs.org/@types%2fpickadate
76 http 304 https://registry.npmjs.org/@types%2fpickadate
77 verbose headers { date: 'Thu, 22 Dec 2016 19:19:52 GMT',
77 verbose headers   via: '1.1 varnish',
77 verbose headers   'cache-control': 'max-age=0',
77 verbose headers   etag: '"58598ba0-3608"',
77 verbose headers   age: '0',
77 verbose headers   connection: 'keep-alive',
77 verbose headers   'x-served-by': 'cache-cdg8732-CDG',
77 verbose headers   'x-cache': 'MISS',
77 verbose headers   'x-cache-hits': '0',
77 verbose headers   'x-timer': 'S1482434392.916024,VS0,VE398',
77 verbose headers   vary: 'Accept-Encoding' }
78 silly get cb [ 304,
78 silly get   { date: 'Thu, 22 Dec 2016 19:19:52 GMT',
78 silly get     via: '1.1 varnish',
78 silly get     'cache-control': 'max-age=0',
78 silly get     etag: '"58598ba0-3608"',
78 silly get     age: '0',
78 silly get     connection: 'keep-alive',
78 silly get     'x-served-by': 'cache-cdg8732-CDG',
78 silly get     'x-cache': 'MISS',
78 silly get     'x-cache-hits': '0',
78 silly get     'x-timer': 'S1482434392.916024,VS0,VE398',
78 silly get     vary: 'Accept-Encoding' } ]
79 verbose etag https://registry.npmjs.org/@types%2fpickadate from cache
80 verbose get saving @types/pickadate to /home/labrit/.npm/registry.npmjs.org/_40types_252fpickadate/.cache.json
81 verbose correctMkdir /home/labrit/.npm correctMkdir not in flight; initializing
82 silly resolveWithNewModule @types/pickadate@3.5.28 checking installable status
83 silly cache add args [ '@types/pickadate@*', null ]
84 verbose cache add spec @types/pickadate@*
85 silly cache add parsed spec Result {
85 silly cache add   raw: '@types/pickadate@*',
85 silly cache add   scope: '@types',
85 silly cache add   escapedName: '@types%2fpickadate',
85 silly cache add   name: '@types/pickadate',
85 silly cache add   rawSpec: '*',
85 silly cache add   spec: '*',
85 silly cache add   type: 'range' }
86 silly addNamed @types/pickadate@*
87 verbose addNamed "*" is a valid semver range for @types/pickadate
88 silly addNameRange { name: '@types/pickadate', range: '*', hasData: false }
89 silly mapToRegistry name @types/pickadate
90 silly mapToRegistry scope (from package name) @types
91 verbose mapToRegistry no registry URL found in name for scope @types
92 silly mapToRegistry using default registry
93 silly mapToRegistry registry https://registry.npmjs.org/
94 silly mapToRegistry data Result {
94 silly mapToRegistry   raw: '@types/pickadate',
94 silly mapToRegistry   scope: '@types',
94 silly mapToRegistry   escapedName: '@types%2fpickadate',
94 silly mapToRegistry   name: '@types/pickadate',
94 silly mapToRegistry   rawSpec: '',
94 silly mapToRegistry   spec: 'latest',
94 silly mapToRegistry   type: 'tag' }
95 silly mapToRegistry uri https://registry.npmjs.org/@types%2fpickadate
96 verbose addNameRange registry:https://registry.npmjs.org/@types%2fpickadate not in flight; fetching
97 verbose get https://registry.npmjs.org/@types%2fpickadate not expired, no request
98 silly addNameRange number 2 { name: '@types/pickadate', range: '*', hasData: true }
99 silly addNameRange versions [ '@types/pickadate',
99 silly addNameRange   [ '3.5.13-alpha',
99 silly addNameRange     '3.5.14-alpha',
99 silly addNameRange     '3.5.19-alpha',
99 silly addNameRange     '3.5.20-alpha',
99 silly addNameRange     '3.5.21-alpha',
99 silly addNameRange     '3.5.22-alpha',
99 silly addNameRange     '3.5.23-alpha',
99 silly addNameRange     '3.5.24-alpha',
99 silly addNameRange     '3.5.25-alpha',
99 silly addNameRange     '3.5.26',
99 silly addNameRange     '3.5.27',
99 silly addNameRange     '3.5.28' ] ]
100 silly addNamed @types/pickadate@3.5.28
101 verbose addNamed "3.5.28" is a plain semver version for @types/pickadate
102 silly cache afterAdd @types/pickadate@3.5.28
103 verbose afterAdd /home/labrit/.npm/@types/pickadate/3.5.28/package/package.json not in flight; writing
104 verbose correctMkdir /home/labrit/.npm correctMkdir not in flight; initializing
105 verbose afterAdd /home/labrit/.npm/@types/pickadate/3.5.28/package/package.json written
106 silly loadAllDepsIntoIdealTree Finishing
107 silly loadIdealTree Finishing
108 silly currentTree pagesvertes@2.0.0
108 silly currentTree ├── @types/jquery@2.0.34
108 silly currentTree ├── abbrev@1.0.9
108 silly currentTree ├── align-text@0.1.4
108 silly currentTree ├── alphanum-sort@1.0.2
108 silly currentTree ├── amdefine@1.0.1
108 silly currentTree ├── ansi-regex@2.0.0
108 silly currentTree ├── ansi-styles@2.2.1
108 silly currentTree ├── ansicolors@0.2.1
108 silly currentTree ├── aproba@1.0.4
108 silly currentTree ├── archive-type@3.2.0
108 silly currentTree ├── archy@1.0.0
108 silly currentTree ├── are-we-there-yet@1.1.2
108 silly currentTree ├── argparse@1.0.9
108 silly currentTree ├── arr-diff@2.0.0
108 silly currentTree ├── arr-flatten@1.0.1
108 silly currentTree ├── array-differ@1.0.0
108 silly currentTree ├── array-find-index@1.0.2
108 silly currentTree ├── array-index@1.0.0
108 silly currentTree ├── array-union@1.0.2
108 silly currentTree ├── array-uniq@1.0.3
108 silly currentTree ├── array-unique@0.2.1
108 silly currentTree ├── arrify@1.0.1
108 silly currentTree ├── asn1@0.2.3
108 silly currentTree ├── assert-plus@0.2.0
108 silly currentTree ├── async-each-series@1.1.0
108 silly currentTree ├── async-foreach@0.1.3
108 silly currentTree ├── async@0.2.10
108 silly currentTree ├── asynckit@0.4.0
108 silly currentTree ├── autoprefixer@6.5.4
108 silly currentTree ├── aws-sign2@0.6.0
108 silly currentTree ├── aws4@1.5.0
108 silly currentTree ├── balanced-match@0.4.2
108 silly currentTree ├── bcrypt-pbkdf@1.0.0
108 silly currentTree ├── beeper@1.1.1
108 silly currentTree ├── bin-build@2.2.0
108 silly currentTree ├── bin-check@2.0.0
108 silly currentTree ├── bin-version-check@2.1.0
108 silly currentTree ├── bin-version@1.0.4
108 silly currentTree ├── bin-wrapper@3.0.2
108 silly currentTree ├─┬ bl@1.2.0
108 silly currentTree │ ├── isarray@1.0.0
108 silly currentTree │ └── readable-stream@2.2.2
108 silly currentTree ├── block-stream@0.0.9
108 silly currentTree ├── bluebird@3.4.6
108 silly currentTree ├─┬ body-parser@1.14.2
108 silly currentTree │ ├── bytes@2.2.0
108 silly currentTree │ ├── debug@2.2.0
108 silly currentTree │ ├── ms@0.7.1
108 silly currentTree │ └── qs@5.2.0
108 silly currentTree ├── boom@2.10.1
108 silly currentTree ├── brace-expansion@1.1.6
108 silly currentTree ├── braces@1.8.5
108 silly currentTree ├── browserslist@1.4.0
108 silly currentTree ├── buffer-crc32@0.2.13
108 silly currentTree ├── buffer-shims@1.0.0
108 silly currentTree ├─┬ buffer-to-vinyl@1.1.0
108 silly currentTree │ ├── isarray@1.0.0
108 silly currentTree │ ├── readable-stream@2.2.2
108 silly currentTree │ └── vinyl@1.2.0
108 silly currentTree ├── bufferstreams@1.0.1
108 silly currentTree ├── builtin-modules@1.1.1
108 silly currentTree ├── bytes@0.3.0
108 silly currentTree ├── cache-swap@0.2.3
108 silly currentTree ├── camelcase-keys@2.1.0
108 silly currentTree ├── camelcase@2.1.1
108 silly currentTree ├── caniuse-db@1.0.30000602
108 silly currentTree ├── capture-stack-trace@1.0.0
108 silly currentTree ├── cardinal@1.0.0
108 silly currentTree ├── caseless@0.11.0
108 silly currentTree ├─┬ caw@1.2.0
108 silly currentTree │ └── object-assign@3.0.0
108 silly currentTree ├── center-align@0.1.3
108 silly currentTree ├── chalk@1.1.3
108 silly currentTree ├── clap@1.1.2
108 silly currentTree ├─┬ clean-css@3.4.23
108 silly currentTree │ └── source-map@0.4.4
108 silly currentTree ├─┬ cli-table@0.3.1
108 silly currentTree │ └── colors@1.0.3
108 silly currentTree ├── cli-usage@0.1.4
108 silly currentTree ├── cli@1.0.1
108 silly currentTree ├── cliui@3.2.0
108 silly currentTree ├── clone-buffer@1.0.0
108 silly currentTree ├── clone-stats@0.0.1
108 silly currentTree ├── clone@1.0.2
108 silly currentTree ├── cloneable-readable@1.0.0
108 silly currentTree ├── co@3.1.0
108 silly currentTree ├── coa@1.0.1
108 silly currentTree ├── code-point-at@1.1.0
108 silly currentTree ├── color-convert@1.8.2
108 silly currentTree ├── color-name@1.1.1
108 silly currentTree ├── color-string@0.3.0
108 silly currentTree ├── color@0.11.4
108 silly currentTree ├── colormin@1.1.2
108 silly currentTree ├── colors@1.1.2
108 silly currentTree ├── combined-stream@1.0.5
108 silly currentTree ├── commander@2.8.1
108 silly currentTree ├── concat-map@0.0.1
108 silly currentTree ├─┬ concat-stream@1.6.0
108 silly currentTree │ ├── isarray@1.0.0
108 silly currentTree │ └── readable-stream@2.2.2
108 silly currentTree ├── concat-with-sourcemaps@1.0.4
108 silly currentTree ├── console-browserify@1.1.0
108 silly currentTree ├── console-control-strings@1.1.0
108 silly currentTree ├── console-stream@0.1.1
108 silly currentTree ├── content-type@1.0.2
108 silly currentTree ├── convert-source-map@1.3.0
108 silly currentTree ├── core-util-is@1.0.2
108 silly currentTree ├── create-error-class@3.0.2
108 silly currentTree ├─┬ cross-spawn@4.0.2
108 silly currentTree │ └── lru-cache@4.0.2
108 silly currentTree ├── cryptiles@2.0.5
108 silly currentTree ├── css-color-names@0.0.4
108 silly currentTree ├── cssnano@3.9.1
108 silly currentTree ├── csso@2.2.1
108 silly currentTree ├── currently-unhandled@0.4.1
108 silly currentTree ├── d@0.1.1
108 silly currentTree ├─┬ dashdash@1.14.1
108 silly currentTree │ └── assert-plus@1.0.0
108 silly currentTree ├── date-now@0.1.4
108 silly currentTree ├── dateformat@1.0.12
108 silly currentTree ├── debug@2.5.1
108 silly currentTree ├── decamelize@1.2.0
108 silly currentTree ├─┬ decompress-tar@3.1.0
108 silly currentTree │ ├── clone@0.2.0
108 silly currentTree │ ├── object-assign@2.1.1
108 silly currentTree │ ├── readable-stream@1.0.34
108 silly currentTree │ ├── through2@0.6.5
108 silly currentTree │ └── vinyl@0.4.6
108 silly currentTree ├─┬ decompress-tarbz2@3.1.0
108 silly currentTree │ ├── clone@0.2.0
108 silly currentTree │ ├── object-assign@2.1.1
108 silly currentTree │ ├── readable-stream@1.0.34
108 silly currentTree │ ├── through2@0.6.5
108 silly currentTree │ └── vinyl@0.4.6
108 silly currentTree ├─┬ decompress-targz@3.1.0
108 silly currentTree │ ├── clone@0.2.0
108 silly currentTree │ ├── object-assign@2.1.1
108 silly currentTree │ ├── readable-stream@1.0.34
108 silly currentTree │ ├── through2@0.6.5
108 silly currentTree │ └── vinyl@0.4.6
108 silly currentTree ├─┬ decompress-unzip@3.4.0
108 silly currentTree │ └── vinyl@1.2.0
108 silly currentTree ├─┬ decompress@3.0.0
108 silly currentTree │ ├── glob-parent@3.1.0
108 silly currentTree │ ├─┬ glob-stream@5.3.5
108 silly currentTree │ │ ├── isarray@0.0.1
108 silly currentTree │ │ ├── readable-stream@1.0.34
108 silly currentTree │ │ └── through2@0.6.5
108 silly currentTree │ ├── glob@5.0.15
108 silly currentTree │ ├── is-extglob@2.1.1
108 silly currentTree │ ├── is-glob@3.1.0
108 silly currentTree │ ├── isarray@1.0.0
108 silly currentTree │ ├── ordered-read-streams@0.3.0
108 silly currentTree │ ├── readable-stream@2.2.2
108 silly currentTree │ ├── unique-stream@2.2.1
108 silly currentTree │ ├── vinyl-fs@2.4.4
108 silly currentTree │ └── vinyl@1.2.0
108 silly currentTree ├── deep-extend@0.4.1
108 silly currentTree ├── defaults@1.0.3
108 silly currentTree ├── defined@1.0.0
108 silly currentTree ├── del@2.2.2
108 silly currentTree ├── delayed-stream@1.0.0
108 silly currentTree ├── delegates@1.0.0
108 silly currentTree ├── depd@1.1.0
108 silly currentTree ├── deprecated@0.0.1
108 silly currentTree ├── detect-file@0.1.0
108 silly currentTree ├─┬ dom-serializer@0.1.0
108 silly currentTree │ ├── domelementtype@1.1.3
108 silly currentTree │ └── entities@1.1.1
108 silly currentTree ├── domelementtype@1.3.0
108 silly currentTree ├── domhandler@2.3.0
108 silly currentTree ├── domutils@1.5.1
108 silly currentTree ├─┬ download@4.4.3
108 silly currentTree │ ├── glob-parent@3.1.0
108 silly currentTree │ ├─┬ glob-stream@5.3.5
108 silly currentTree │ │ ├── isarray@0.0.1
108 silly currentTree │ │ ├── readable-stream@1.0.34
108 silly currentTree │ │ └── through2@0.6.5
108 silly currentTree │ ├── glob@5.0.15
108 silly currentTree │ ├── is-extglob@2.1.1
108 silly currentTree │ ├── is-glob@3.1.0
108 silly currentTree │ ├── isarray@1.0.0
108 silly currentTree │ ├── ordered-read-streams@0.3.0
108 silly currentTree │ ├── readable-stream@2.2.2
108 silly currentTree │ ├── unique-stream@2.2.1
108 silly currentTree │ ├── vinyl-fs@2.4.4
108 silly currentTree │ └── vinyl@1.2.0
108 silly currentTree ├── duplexer@0.1.1
108 silly currentTree ├── duplexer2@0.0.2
108 silly currentTree ├─┬ duplexify@3.5.0
108 silly currentTree │ ├── end-of-stream@1.0.0
108 silly currentTree │ ├── isarray@1.0.0
108 silly currentTree │ ├── once@1.3.3
108 silly currentTree │ └── readable-stream@2.2.2
108 silly currentTree ├── each-async@1.1.1
108 silly currentTree ├── ecc-jsbn@0.1.1
108 silly currentTree ├── ee-first@1.1.1
108 silly currentTree ├─┬ end-of-stream@0.1.5
108 silly currentTree │ └── once@1.3.3
108 silly currentTree ├── entities@1.0.0
108 silly currentTree ├── error-ex@1.3.0
108 silly currentTree ├── es5-ext@0.10.12
108 silly currentTree ├── es6-iterator@2.0.0
108 silly currentTree ├── es6-symbol@3.1.0
108 silly currentTree ├── escape-string-regexp@1.0.5
108 silly currentTree ├── esprima@2.7.3
108 silly currentTree ├── event-stream@3.3.4
108 silly currentTree ├── exec-buffer@3.1.0
108 silly currentTree ├── exec-series@1.0.3
108 silly currentTree ├── execa@0.5.0
108 silly currentTree ├── executable@1.1.0
108 silly currentTree ├── exit@0.1.2
108 silly currentTree ├── expand-brackets@0.1.5
108 silly currentTree ├── expand-range@1.8.2
108 silly currentTree ├── expand-tilde@1.2.2
108 silly currentTree ├── extend-shallow@2.0.1
108 silly currentTree ├── extend@3.0.0
108 silly currentTree ├── extglob@0.3.2
108 silly currentTree ├── extsprintf@1.0.2
108 silly currentTree ├── fancy-log@1.2.0
108 silly currentTree ├── faye-websocket@0.7.3
108 silly currentTree ├── fd-slicer@1.0.1
108 silly currentTree ├── figures@1.7.0
108 silly currentTree ├── file-type@3.9.0
108 silly currentTree ├── filename-regex@2.0.0
108 silly currentTree ├── filename-reserved-regex@1.0.0
108 silly currentTree ├── filenamify@1.2.1
108 silly currentTree ├── fill-range@2.2.3
108 silly currentTree ├── find-index@0.1.1
108 silly currentTree ├── find-up@1.1.2
108 silly currentTree ├── find-versions@1.2.1
108 silly currentTree ├── findup-sync@0.4.3
108 silly currentTree ├── fined@1.0.2
108 silly currentTree ├── first-chunk-stream@1.0.0
108 silly currentTree ├── flagged-respawn@0.3.2
108 silly currentTree ├── flatten@1.0.2
108 silly currentTree ├── for-in@0.1.6
108 silly currentTree ├── for-own@0.1.4
108 silly currentTree ├── forever-agent@0.6.1
108 silly currentTree ├── form-data@2.1.2
108 silly currentTree ├── from@0.1.3
108 silly currentTree ├── fs-exists-sync@0.1.0
108 silly currentTree ├── fs.realpath@1.0.0
108 silly currentTree ├── fstream@1.0.10
108 silly currentTree ├── function-bind@1.1.0
108 silly currentTree ├── gauge@2.6.0
108 silly currentTree ├── gaze@0.5.2
108 silly currentTree ├── generate-function@2.0.0
108 silly currentTree ├── generate-object-property@1.2.0
108 silly currentTree ├── get-caller-file@1.0.2
108 silly currentTree ├── get-proxy@1.1.0
108 silly currentTree ├── get-stdin@4.0.1
108 silly currentTree ├── get-stream@2.3.1
108 silly currentTree ├─┬ getpass@0.1.6
108 silly currentTree │ └── assert-plus@1.0.0
108 silly currentTree ├── gifsicle@3.0.4
108 silly currentTree ├── glob-base@0.3.0
108 silly currentTree ├── glob-parent@2.0.0
108 silly currentTree ├─┬ glob-stream@3.1.18
108 silly currentTree │ ├── glob@4.5.3
108 silly currentTree │ ├── minimatch@2.0.10
108 silly currentTree │ ├── readable-stream@1.0.34
108 silly currentTree │ └── through2@0.6.5
108 silly currentTree ├── glob-watcher@0.0.6
108 silly currentTree ├── glob@7.1.1
108 silly currentTree ├── glob2base@0.0.12
108 silly currentTree ├── global-modules@0.2.3
108 silly currentTree ├── global-prefix@0.1.5
108 silly currentTree ├── globby@5.0.0
108 silly currentTree ├─┬ globule@0.1.0
108 silly currentTree │ ├── glob@3.1.21
108 silly currentTree │ ├── graceful-fs@1.2.3
108 silly currentTree │ ├── inherits@1.0.2
108 silly currentTree │ └── minimatch@0.2.14
108 silly currentTree ├── glogg@1.0.0
108 silly currentTree ├─┬ got@5.7.1
108 silly currentTree │ ├── duplexer2@0.1.4
108 silly currentTree │ ├── isarray@1.0.0
108 silly currentTree │ └── readable-stream@2.2.2
108 silly currentTree ├── graceful-fs@4.1.11
108 silly currentTree ├── graceful-readlink@1.0.1
108 silly currentTree ├── growly@1.3.0
108 silly currentTree ├── gulp-autoprefixer@3.1.1
108 silly currentTree ├─┬ gulp-cache@0.4.5
108 silly currentTree │ ├── isarray@1.0.0
108 silly currentTree │ ├── readable-stream@2.2.2
108 silly currentTree │ └── vinyl@1.2.0
108 silly currentTree ├─┬ gulp-concat@2.6.1
108 silly currentTree │ ├── clone-stats@1.0.0
108 silly currentTree │ ├── replace-ext@1.0.0
108 silly currentTree │ └── vinyl@2.0.1
108 silly currentTree ├── gulp-cssnano@2.1.2
108 silly currentTree ├─┬ gulp-decompress@1.2.0
108 silly currentTree │ ├── isarray@1.0.0
108 silly currentTree │ └── readable-stream@2.2.2
108 silly currentTree ├─┬ gulp-gzip@1.4.0
108 silly currentTree │ ├── ansi-regex@0.2.1
108 silly currentTree │ ├── ansi-styles@1.1.0
108 silly currentTree │ ├── chalk@0.5.1
108 silly currentTree │ ├─┬ gulp-util@2.2.20
108 silly currentTree │ │ └── through2@0.5.1
108 silly currentTree │ ├── has-ansi@0.1.0
108 silly currentTree │ ├── lodash._reinterpolate@2.4.1
108 silly currentTree │ ├── lodash.escape@2.4.1
108 silly currentTree │ ├── lodash.keys@2.4.1
108 silly currentTree │ ├── lodash.template@2.4.1
108 silly currentTree │ ├── lodash.templatesettings@2.4.1
108 silly currentTree │ ├── minimist@0.2.0
108 silly currentTree │ ├── readable-stream@1.0.34
108 silly currentTree │ ├── strip-ansi@0.3.0
108 silly currentTree │ ├── supports-color@0.2.0
108 silly currentTree │ ├─┬ through2@0.4.2
108 silly currentTree │ │ └── xtend@2.1.2
108 silly currentTree │ ├── vinyl@0.2.3
108 silly currentTree │ └── xtend@3.0.0
108 silly currentTree ├── gulp-imagemin@3.1.1
108 silly currentTree ├─┬ gulp-jshint@2.0.4
108 silly currentTree │ └── lodash@4.17.2
108 silly currentTree ├─┬ gulp-livereload@3.8.1
108 silly currentTree │ ├── ansi-regex@0.2.1
108 silly currentTree │ ├── ansi-styles@1.1.0
108 silly currentTree │ ├── chalk@0.5.1
108 silly currentTree │ ├── has-ansi@0.1.0
108 silly currentTree │ ├── lodash.assign@3.2.0
108 silly currentTree │ ├── strip-ansi@0.3.0
108 silly currentTree │ └── supports-color@0.2.0
108 silly currentTree ├─┬ gulp-minify-css@1.2.4
108 silly currentTree │ ├── isarray@1.0.0
108 silly currentTree │ └── readable-stream@2.2.2
108 silly currentTree ├─┬ gulp-notify@2.2.0
108 silly currentTree │ ├── readable-stream@1.0.34
108 silly currentTree │ └── through2@0.6.5
108 silly currentTree ├── gulp-rename@1.2.2
108 silly currentTree ├── gulp-sass@3.0.0
108 silly currentTree ├─┬ gulp-sourcemaps@1.6.0
108 silly currentTree │ └── vinyl@1.2.0
108 silly currentTree ├─┬ gulp-typescript@3.1.3
108 silly currentTree │ ├── glob-parent@3.1.0
108 silly currentTree │ ├─┬ glob-stream@5.3.5
108 silly currentTree │ │ ├── isarray@0.0.1
108 silly currentTree │ │ ├── readable-stream@1.0.34
108 silly currentTree │ │ └── through2@0.6.5
108 silly currentTree │ ├── glob@5.0.15
108 silly currentTree │ ├── is-extglob@2.1.1
108 silly currentTree │ ├── is-glob@3.1.0
108 silly currentTree │ ├── isarray@1.0.0
108 silly currentTree │ ├── ordered-read-streams@0.3.0
108 silly currentTree │ ├── readable-stream@2.2.2
108 silly currentTree │ ├── unique-stream@2.2.1
108 silly currentTree │ ├── vinyl-fs@2.4.4
108 silly currentTree │ └── vinyl@1.2.0
108 silly currentTree ├─┬ gulp-uglify@2.0.0
108 silly currentTree │ ├── camelcase@1.2.1
108 silly currentTree │ ├── cliui@2.1.0
108 silly currentTree │ ├── lodash@4.17.2
108 silly currentTree │ ├── uglify-js@2.7.0
108 silly currentTree │ ├── window-size@0.1.0
108 silly currentTree │ └── yargs@3.10.0
108 silly currentTree ├─┬ gulp-util@3.0.7
108 silly currentTree │ └── object-assign@3.0.0
108 silly currentTree ├── gulp@3.9.1
108 silly currentTree ├── gulplog@1.0.0
108 silly currentTree ├─┬ har-validator@2.0.6
108 silly currentTree │ └── commander@2.9.0
108 silly currentTree ├── has-ansi@2.0.0
108 silly currentTree ├── has-color@0.1.7
108 silly currentTree ├── has-flag@1.0.0
108 silly currentTree ├── has-gulplog@0.1.0
108 silly currentTree ├── has-unicode@2.0.1
108 silly currentTree ├── has@1.0.1
108 silly currentTree ├── hawk@3.1.3
108 silly currentTree ├── hoek@2.16.3
108 silly currentTree ├── homedir-polyfill@1.0.1
108 silly currentTree ├── hosted-git-info@2.1.5
108 silly currentTree ├── html-comment-regex@1.1.1
108 silly currentTree ├── htmlparser2@3.8.3
108 silly currentTree ├── http-errors@1.3.1
108 silly currentTree ├── http-signature@1.1.1
108 silly currentTree ├── iconv-lite@0.4.13
108 silly currentTree ├── imagemin-gifsicle@5.1.0
108 silly currentTree ├── imagemin-jpegtran@5.0.2
108 silly currentTree ├── imagemin-optipng@5.2.1
108 silly currentTree ├── imagemin-svgo@5.2.0
108 silly currentTree ├── imagemin@5.2.2
108 silly currentTree ├── in-publish@2.0.0
108 silly currentTree ├── indent-string@2.1.0
108 silly currentTree ├── indexes-of@1.0.1
108 silly currentTree ├── inflight@1.0.6
108 silly currentTree ├── inherits@2.0.3
108 silly currentTree ├── ini@1.3.4
108 silly currentTree ├── interpret@1.0.1
108 silly currentTree ├── invert-kv@1.0.0
108 silly currentTree ├── ip-regex@1.0.3
108 silly currentTree ├── irregular-plurals@1.2.0
108 silly currentTree ├── is-absolute-url@2.1.0
108 silly currentTree ├── is-absolute@0.2.6
108 silly currentTree ├── is-arrayish@0.2.1
108 silly currentTree ├── is-buffer@1.1.4
108 silly currentTree ├── is-builtin-module@1.0.0
108 silly currentTree ├── is-bzip2@1.0.0
108 silly currentTree ├── is-dotfile@1.0.2
108 silly currentTree ├── is-equal-shallow@0.1.3
108 silly currentTree ├── is-extendable@0.1.1
108 silly currentTree ├── is-extglob@1.0.0
108 silly currentTree ├── is-finite@1.0.2
108 silly currentTree ├── is-fullwidth-code-point@1.0.0
108 silly currentTree ├── is-gif@1.0.0
108 silly currentTree ├── is-glob@2.0.1
108 silly currentTree ├── is-gzip@1.0.0
108 silly currentTree ├── is-jpg@1.0.0
108 silly currentTree ├── is-my-json-valid@2.15.0
108 silly currentTree ├── is-natural-number@2.1.1
108 silly currentTree ├── is-number@2.1.0
108 silly currentTree ├── is-obj@1.0.1
108 silly currentTree ├── is-path-cwd@1.0.0
108 silly currentTree ├── is-path-in-cwd@1.0.0
108 silly currentTree ├── is-path-inside@1.0.0
108 silly currentTree ├── is-plain-obj@1.1.0
108 silly currentTree ├── is-png@1.0.0
108 silly currentTree ├── is-posix-bracket@0.1.1
108 silly currentTree ├── is-primitive@2.0.0
108 silly currentTree ├── is-property@1.0.2
108 silly currentTree ├── is-redirect@1.0.0
108 silly currentTree ├── is-relative@0.2.1
108 silly currentTree ├── is-retry-allowed@1.1.0
108 silly currentTree ├── is-stream@1.1.0
108 silly currentTree ├── is-svg@2.1.0
108 silly currentTree ├── is-tar@1.0.0
108 silly currentTree ├── is-typedarray@1.0.0
108 silly currentTree ├── is-unc-path@0.1.2
108 silly currentTree ├── is-url@1.2.2
108 silly currentTree ├── is-utf8@0.2.1
108 silly currentTree ├── is-valid-glob@0.3.0
108 silly currentTree ├── is-windows@0.2.0
108 silly currentTree ├── is-zip@1.0.0
108 silly currentTree ├── is@3.2.0
108 silly currentTree ├── isarray@0.0.1
108 silly currentTree ├── isexe@1.1.2
108 silly currentTree ├─┬ isobject@2.1.0
108 silly currentTree │ └── isarray@1.0.0
108 silly currentTree ├── isstream@0.1.2
108 silly currentTree ├── jodid25519@1.0.2
108 silly currentTree ├── jpegtran-bin@3.2.0
108 silly currentTree ├── js-base64@2.1.9
108 silly currentTree ├── js-yaml@3.6.1
108 silly currentTree ├── jsbn@0.1.0
108 silly currentTree ├─┬ jshint@2.9.4
108 silly currentTree │ └── lodash@3.7.0
108 silly currentTree ├── json-schema@0.2.3
108 silly currentTree ├── json-stable-stringify@1.0.1
108 silly currentTree ├── json-stringify-safe@5.0.1
108 silly currentTree ├── jsonify@0.0.0
108 silly currentTree ├── jsonpointer@4.0.1
108 silly currentTree ├── jsprim@1.3.1
108 silly currentTree ├── kind-of@3.1.0
108 silly currentTree ├── lazy-cache@1.0.4
108 silly currentTree ├── lazy-req@1.1.0
108 silly currentTree ├─┬ lazystream@1.0.0
108 silly currentTree │ ├── isarray@1.0.0
108 silly currentTree │ └── readable-stream@2.2.2
108 silly currentTree ├── lcid@1.0.0
108 silly currentTree ├── liftoff@2.3.0
108 silly currentTree ├── livereload-js@2.2.2
108 silly currentTree ├── load-json-file@1.1.0
108 silly currentTree ├── lodash._arraycopy@3.0.0
108 silly currentTree ├── lodash._arrayeach@3.0.0
108 silly currentTree ├── lodash._baseassign@3.2.0
108 silly currentTree ├── lodash._baseclone@3.3.0
108 silly currentTree ├── lodash._basecopy@3.0.1
108 silly currentTree ├── lodash._basefor@3.0.3
108 silly currentTree ├── lodash._basetostring@3.0.1
108 silly currentTree ├── lodash._basevalues@3.0.0
108 silly currentTree ├── lodash._bindcallback@3.0.1
108 silly currentTree ├── lodash._createassigner@3.1.1
108 silly currentTree ├── lodash._escapehtmlchar@2.4.1
108 silly currentTree ├── lodash._escapestringchar@2.4.1
108 silly currentTree ├── lodash._getnative@3.9.1
108 silly currentTree ├── lodash._htmlescapes@2.4.1
108 silly currentTree ├── lodash._isiterateecall@3.0.9
108 silly currentTree ├── lodash._isnative@2.4.1
108 silly currentTree ├── lodash._objecttypes@2.4.1
108 silly currentTree ├── lodash._reescape@3.0.0
108 silly currentTree ├── lodash._reevaluate@3.0.0
108 silly currentTree ├── lodash._reinterpolate@3.0.0
108 silly currentTree ├─┬ lodash._reunescapedhtml@2.4.1
108 silly currentTree │ └── lodash.keys@2.4.1
108 silly currentTree ├── lodash._root@3.0.1
108 silly currentTree ├── lodash._shimkeys@2.4.1
108 silly currentTree ├── lodash.assign@4.2.0
108 silly currentTree ├── lodash.assignwith@4.2.0
108 silly currentTree ├── lodash.clonedeep@4.5.0
108 silly currentTree ├─┬ lodash.defaults@2.4.1
108 silly currentTree │ └── lodash.keys@2.4.1
108 silly currentTree ├── lodash.escape@3.2.0
108 silly currentTree ├── lodash.indexof@4.0.5
108 silly currentTree ├── lodash.isarguments@3.1.0
108 silly currentTree ├── lodash.isarray@3.0.4
108 silly currentTree ├── lodash.isempty@4.4.0
108 silly currentTree ├── lodash.isequal@4.4.0
108 silly currentTree ├── lodash.isobject@2.4.1
108 silly currentTree ├── lodash.isplainobject@4.0.6
108 silly currentTree ├── lodash.isstring@4.0.1
108 silly currentTree ├── lodash.keys@3.1.2
108 silly currentTree ├── lodash.mapvalues@4.6.0
108 silly currentTree ├── lodash.merge@4.6.0
108 silly currentTree ├── lodash.mergewith@4.6.0
108 silly currentTree ├── lodash.pick@4.4.0
108 silly currentTree ├── lodash.restparam@3.6.1
108 silly currentTree ├── lodash.template@3.6.2
108 silly currentTree ├── lodash.templatesettings@3.1.1
108 silly currentTree ├─┬ lodash.values@2.4.1
108 silly currentTree │ └── lodash.keys@2.4.1
108 silly currentTree ├── lodash@1.0.2
108 silly currentTree ├── logalot@2.1.0
108 silly currentTree ├── longest@1.0.1
108 silly currentTree ├── loud-rejection@1.6.0
108 silly currentTree ├── lowercase-keys@1.0.0
108 silly currentTree ├── lpad-align@1.1.0
108 silly currentTree ├── lpad@2.0.1
108 silly currentTree ├── lru-cache@2.7.3
108 silly currentTree ├── macaddress@0.2.8
108 silly currentTree ├── make-error-cause@1.2.2
108 silly currentTree ├── make-error@1.2.1
108 silly currentTree ├── map-cache@0.2.2
108 silly currentTree ├── map-obj@1.0.1
108 silly currentTree ├── map-stream@0.1.0
108 silly currentTree ├── marked-terminal@1.7.0
108 silly currentTree ├── marked@0.3.6
108 silly currentTree ├── math-expression-evaluator@1.2.14
108 silly currentTree ├── media-typer@0.3.0
108 silly currentTree ├── meow@3.7.0
108 silly currentTree ├─┬ merge-stream@1.0.1
108 silly currentTree │ ├── isarray@1.0.0
108 silly currentTree │ └── readable-stream@2.2.2
108 silly currentTree ├── micromatch@2.3.11
108 silly currentTree ├── mime-db@1.25.0
108 silly currentTree ├── mime-types@2.1.13
108 silly currentTree ├── mini-lr@0.1.9
108 silly currentTree ├── minimatch@3.0.3
108 silly currentTree ├── minimist@1.2.0
108 silly currentTree ├─┬ mkdirp@0.5.1
108 silly currentTree │ └── minimist@0.0.8
108 silly currentTree ├── ms@0.7.2
108 silly currentTree ├── multipipe@0.1.2
108 silly currentTree ├── nan@2.5.0
108 silly currentTree ├── natives@1.1.0
108 silly currentTree ├── node-emoji@1.4.3
108 silly currentTree ├─┬ node-gyp@3.4.0
108 silly currentTree │ └── npmlog@3.1.2
108 silly currentTree ├─┬ node-notifier@4.6.1
108 silly currentTree │ ├── lodash.clonedeep@3.0.2
108 silly currentTree │ └── semver@5.3.0
108 silly currentTree ├─┬ node-sass@4.1.1
108 silly currentTree │ ├── cross-spawn@3.0.1
108 silly currentTree │ ├── gaze@1.1.2
108 silly currentTree │ ├── globule@1.1.0
108 silly currentTree │ ├── lodash@4.16.6
108 silly currentTree │ └── lru-cache@4.0.2
108 silly currentTree ├── node-status-codes@1.0.0
108 silly currentTree ├── node.extend@1.1.6
108 silly currentTree ├── nopt@3.0.6
108 silly currentTree ├── normalize-package-data@2.3.5
108 silly currentTree ├── normalize-path@2.0.1
108 silly currentTree ├── normalize-range@0.1.2
108 silly currentTree ├── normalize-url@1.8.0
108 silly currentTree ├── npm-run-path@2.0.2
108 silly currentTree ├─┬ npmlog@4.0.2
108 silly currentTree │ ├── gauge@2.7.2
108 silly currentTree │ └── supports-color@0.2.0
108 silly currentTree ├── num2fraction@1.2.2
108 silly currentTree ├── number-is-nan@1.0.1
108 silly currentTree ├── oauth-sign@0.8.2
108 silly currentTree ├── object-assign@4.1.0
108 silly currentTree ├── object-keys@0.4.0
108 silly currentTree ├── object.omit@2.0.1
108 silly currentTree ├── object.pick@1.2.0
108 silly currentTree ├── on-finished@2.3.0
108 silly currentTree ├── once@1.4.0
108 silly currentTree ├── onetime@1.1.0
108 silly currentTree ├── optipng-bin@3.1.2
108 silly currentTree ├── orchestrator@0.3.8
108 silly currentTree ├── ordered-read-streams@0.1.0
108 silly currentTree ├── os-filter-obj@1.0.3
108 silly currentTree ├── os-homedir@1.0.2
108 silly currentTree ├── os-locale@1.4.0
108 silly currentTree ├── os-tmpdir@1.0.2
108 silly currentTree ├── osenv@0.1.4
108 silly currentTree ├── p-finally@1.0.0
108 silly currentTree ├── parse-filepath@1.0.1
108 silly currentTree ├── parse-glob@3.0.4
108 silly currentTree ├── parse-json@2.2.0
108 silly currentTree ├── parse-passwd@1.0.0
108 silly currentTree ├── parseurl@1.3.1
108 silly currentTree ├── path-array@1.0.1
108 silly currentTree ├── path-dirname@1.0.2
108 silly currentTree ├── path-exists@2.1.0
108 silly currentTree ├── path-is-absolute@1.0.1
108 silly currentTree ├── path-is-inside@1.0.2
108 silly currentTree ├── path-key@2.0.1
108 silly currentTree ├── path-root-regex@0.1.2
108 silly currentTree ├── path-root@0.1.1
108 silly currentTree ├── path-type@1.1.0
108 silly currentTree ├── pause-stream@0.0.11
108 silly currentTree ├── pend@1.2.0
108 silly currentTree ├── pify@2.3.0
108 silly currentTree ├── pinkie-promise@2.0.1
108 silly currentTree ├── pinkie@2.0.4
108 silly currentTree ├── plur@2.1.2
108 silly currentTree ├── postcss-calc@5.3.1
108 silly currentTree ├── postcss-colormin@2.2.1
108 silly currentTree ├── postcss-convert-values@2.5.0
108 silly currentTree ├── postcss-discard-comments@2.0.4
108 silly currentTree ├── postcss-discard-duplicates@2.0.2
108 silly currentTree ├── postcss-discard-empty@2.1.0
108 silly currentTree ├── postcss-discard-overridden@0.1.1
108 silly currentTree ├── postcss-discard-unused@2.2.3
108 silly currentTree ├── postcss-filter-plugins@2.0.2
108 silly currentTree ├── postcss-merge-idents@2.1.7
108 silly currentTree ├── postcss-merge-longhand@2.0.1
108 silly currentTree ├── postcss-merge-rules@2.0.11
108 silly currentTree ├── postcss-message-helpers@2.0.0
108 silly currentTree ├── postcss-minify-font-values@1.0.5
108 silly currentTree ├── postcss-minify-gradients@1.0.5
108 silly currentTree ├── postcss-minify-params@1.2.1
108 silly currentTree ├── postcss-minify-selectors@2.0.7
108 silly currentTree ├── postcss-normalize-charset@1.1.1
108 silly currentTree ├── postcss-normalize-url@3.0.7
108 silly currentTree ├── postcss-ordered-values@2.2.2
108 silly currentTree ├── postcss-reduce-idents@2.3.1
108 silly currentTree ├── postcss-reduce-initial@1.0.0
108 silly currentTree ├── postcss-reduce-transforms@1.0.4
108 silly currentTree ├── postcss-selector-parser@2.2.2
108 silly currentTree ├── postcss-svgo@2.1.6
108 silly currentTree ├── postcss-unique-selectors@2.0.2
108 silly currentTree ├── postcss-value-parser@3.3.0
108 silly currentTree ├── postcss-zindex@2.2.0
108 silly currentTree ├─┬ postcss@5.2.6
108 silly currentTree │ └── supports-color@3.1.2
108 silly currentTree ├── prepend-http@1.0.4
108 silly currentTree ├── preserve@0.2.0
108 silly currentTree ├── pretty-bytes@4.0.2
108 silly currentTree ├── pretty-hrtime@1.0.3
108 silly currentTree ├── process-nextick-args@1.0.7
108 silly currentTree ├── promise.pipe@3.0.0
108 silly currentTree ├── pseudomap@1.0.2
108 silly currentTree ├── punycode@1.4.1
108 silly currentTree ├── q@1.4.1
108 silly currentTree ├── qs@2.2.5
108 silly currentTree ├── query-string@4.2.3
108 silly currentTree ├── randomatic@1.1.6
108 silly currentTree ├─┬ raw-body@2.1.7
108 silly currentTree │ └── bytes@2.4.0
108 silly currentTree ├── rc@1.1.6
108 silly currentTree ├── rcfinder@0.1.9
108 silly currentTree ├─┬ rcloader@0.2.2
108 silly currentTree │ └── lodash.isobject@3.0.2
108 silly currentTree ├─┬ read-all-stream@3.1.0
108 silly currentTree │ ├── isarray@1.0.0
108 silly currentTree │ └── readable-stream@2.2.2
108 silly currentTree ├── read-pkg-up@1.0.1
108 silly currentTree ├── read-pkg@1.1.0
108 silly currentTree ├── readable-stream@1.1.14
108 silly currentTree ├── rechoir@0.6.2
108 silly currentTree ├── redent@1.0.0
108 silly currentTree ├─┬ redeyed@1.0.1
108 silly currentTree │ └── esprima@3.0.0
108 silly currentTree ├── reduce-css-calc@1.3.0
108 silly currentTree ├── reduce-function-call@1.0.2
108 silly currentTree ├── regex-cache@0.4.3
108 silly currentTree ├── remove-trailing-separator@1.0.1
108 silly currentTree ├── repeat-element@1.1.2
108 silly currentTree ├── repeat-string@1.6.1
108 silly currentTree ├── repeating@2.0.1
108 silly currentTree ├── replace-ext@0.0.1
108 silly currentTree ├─┬ request@2.79.0
108 silly currentTree │ ├── qs@6.3.0
108 silly currentTree │ └── uuid@3.0.1
108 silly currentTree ├── require-directory@2.1.1
108 silly currentTree ├── require-main-filename@1.0.1
108 silly currentTree ├── resolve-dir@0.1.1
108 silly currentTree ├── resolve@1.2.0
108 silly currentTree ├── right-align@0.1.3
108 silly currentTree ├── rimraf@2.5.4
108 silly currentTree ├─┬ sass-graph@2.1.2
108 silly currentTree │ └── lodash@4.17.2
108 silly currentTree ├── sax@1.2.1
108 silly currentTree ├── seek-bzip@1.0.5
108 silly currentTree ├── semver-regex@1.0.0
108 silly currentTree ├─┬ semver-truncate@1.1.2
108 silly currentTree │ └── semver@5.3.0
108 silly currentTree ├── semver@4.3.6
108 silly currentTree ├── sequencify@0.0.7
108 silly currentTree ├── set-blocking@2.0.0
108 silly currentTree ├── set-immediate-shim@1.0.1
108 silly currentTree ├── shelljs@0.3.0
108 silly currentTree ├── shellwords@0.1.0
108 silly currentTree ├── sigmund@1.0.1
108 silly currentTree ├── signal-exit@3.0.2
108 silly currentTree ├── sntp@1.0.9
108 silly currentTree ├── sort-keys@1.1.2
108 silly currentTree ├── source-map@0.5.6
108 silly currentTree ├── sparkles@1.0.0
108 silly currentTree ├── spdx-correct@1.0.2
108 silly currentTree ├── spdx-expression-parse@1.0.4
108 silly currentTree ├── spdx-license-ids@1.2.2
108 silly currentTree ├── split@0.3.3
108 silly currentTree ├── sprintf-js@1.0.3
108 silly currentTree ├── squeak@1.3.0
108 silly currentTree ├─┬ sshpk@1.10.1
108 silly currentTree │ └── assert-plus@1.0.0
108 silly currentTree ├── stat-mode@0.2.2
108 silly currentTree ├── statuses@1.3.1
108 silly currentTree ├─┬ stdout-stream@1.4.0
108 silly currentTree │ ├── isarray@1.0.0
108 silly currentTree │ └── readable-stream@2.2.2
108 silly currentTree ├── stream-combiner@0.0.4
108 silly currentTree ├─┬ stream-combiner2@1.1.1
108 silly currentTree │ ├── duplexer2@0.1.4
108 silly currentTree │ ├── isarray@1.0.0
108 silly currentTree │ └── readable-stream@2.2.2
108 silly currentTree ├── stream-consume@0.1.0
108 silly currentTree ├── stream-shift@1.0.0
108 silly currentTree ├── stream-to-array@1.0.0
108 silly currentTree ├── strict-uri-encode@1.1.0
108 silly currentTree ├── string_decoder@0.10.31
108 silly currentTree ├── string-width@1.0.2
108 silly currentTree ├── string.prototype.codepointat@0.2.0
108 silly currentTree ├── stringstream@0.0.5
108 silly currentTree ├── strip-ansi@3.0.1
108 silly currentTree ├── strip-bom-stream@1.0.0
108 silly currentTree ├── strip-bom@2.0.0
108 silly currentTree ├─┬ strip-dirs@1.1.1
108 silly currentTree │ ├── is-absolute@0.1.7
108 silly currentTree │ └── is-relative@0.1.3
108 silly currentTree ├── strip-eof@1.0.0
108 silly currentTree ├── strip-indent@1.0.1
108 silly currentTree ├── strip-json-comments@1.0.4
108 silly currentTree ├── strip-outer@1.0.0
108 silly currentTree ├── sum-up@1.0.3
108 silly currentTree ├── supports-color@2.0.0
108 silly currentTree ├── svgo@0.7.1
108 silly currentTree ├─┬ tar-stream@1.5.2
108 silly currentTree │ ├── end-of-stream@1.1.0
108 silly currentTree │ ├── isarray@1.0.0
108 silly currentTree │ ├── once@1.3.3
108 silly currentTree │ └── readable-stream@2.2.2
108 silly currentTree ├── tar@2.2.1
108 silly currentTree ├── tempfile@1.1.1
108 silly currentTree ├── through@2.3.8
108 silly currentTree ├── through2-concurrent@1.1.1
108 silly currentTree ├── through2-filter@2.0.0
108 silly currentTree ├─┬ through2@2.0.3
108 silly currentTree │ ├── isarray@1.0.0
108 silly currentTree │ └── readable-stream@2.2.2
108 silly currentTree ├── tildify@1.2.0
108 silly currentTree ├── time-stamp@1.0.1
108 silly currentTree ├── timed-out@3.1.0
108 silly currentTree ├── to-absolute-glob@0.1.1
108 silly currentTree ├── tough-cookie@2.3.2
108 silly currentTree ├── trim-newlines@1.0.0
108 silly currentTree ├── trim-repeated@1.0.0
108 silly currentTree ├── try-json-parse@0.1.1
108 silly currentTree ├── tunnel-agent@0.4.3
108 silly currentTree ├── tweetnacl@0.14.5
108 silly currentTree ├── type-is@1.6.14
108 silly currentTree ├── typedarray@0.0.6
108 silly currentTree ├── typescript@2.1.4
108 silly currentTree ├─┬ uglify-js@2.7.5
108 silly currentTree │ ├── camelcase@1.2.1
108 silly currentTree │ ├── cliui@2.1.0
108 silly currentTree │ ├── window-size@0.1.0
108 silly currentTree │ └── yargs@3.10.0
108 silly currentTree ├── uglify-save-license@0.4.1
108 silly currentTree ├── uglify-to-browserify@1.0.2
108 silly currentTree ├── unc-path-regex@0.1.2
108 silly currentTree ├── uniq@1.0.1
108 silly currentTree ├── uniqid@4.1.0
108 silly currentTree ├── uniqs@2.0.0
108 silly currentTree ├── unique-stream@1.0.0
108 silly currentTree ├── unpipe@1.0.0
108 silly currentTree ├── unzip-response@1.0.2
108 silly currentTree ├── url-parse-lax@1.0.0
108 silly currentTree ├── url-regex@3.2.0
108 silly currentTree ├── user-home@1.1.1
108 silly currentTree ├── util-deprecate@1.0.2
108 silly currentTree ├── uuid@2.0.3
108 silly currentTree ├── v8flags@2.0.11
108 silly currentTree ├── vali-date@1.0.0
108 silly currentTree ├── validate-npm-package-license@3.0.1
108 silly currentTree ├── vendors@1.0.1
108 silly currentTree ├── verror@1.3.6
108 silly currentTree ├─┬ vinyl-assign@1.2.1
108 silly currentTree │ ├── isarray@1.0.0
108 silly currentTree │ └── readable-stream@2.2.2
108 silly currentTree ├── vinyl-bufferstream@1.0.1
108 silly currentTree ├─┬ vinyl-fs@0.3.14
108 silly currentTree │ ├── clone@0.2.0
108 silly currentTree │ ├── graceful-fs@3.0.11
108 silly currentTree │ ├── readable-stream@1.0.34
108 silly currentTree │ ├── strip-bom@1.0.0
108 silly currentTree │ ├── through2@0.6.5
108 silly currentTree │ └── vinyl@0.4.6
108 silly currentTree ├── vinyl-sourcemaps-apply@0.2.1
108 silly currentTree ├── vinyl@0.5.3
108 silly currentTree ├── ware@1.3.0
108 silly currentTree ├── websocket-driver@0.6.5
108 silly currentTree ├── websocket-extensions@0.1.1
108 silly currentTree ├── whet.extend@0.9.9
108 silly currentTree ├── which-module@1.0.0
108 silly currentTree ├── which@1.2.12
108 silly currentTree ├── wide-align@1.1.0
108 silly currentTree ├── window-size@0.2.0
108 silly currentTree ├── wordwrap@0.0.2
108 silly currentTree ├── wrap-ansi@2.1.0
108 silly currentTree ├── wrap-fn@0.1.5
108 silly currentTree ├── wrappy@1.0.2
108 silly currentTree ├── xtend@4.0.1
108 silly currentTree ├── y18n@3.2.1
108 silly currentTree ├── yallist@2.0.0
108 silly currentTree ├─┬ yargs-parser@2.4.1
108 silly currentTree │ └── camelcase@3.0.0
108 silly currentTree ├── yargs@4.8.1
108 silly currentTree └── yauzl@2.7.0
109 silly idealTree pagesvertes@2.0.0
109 silly idealTree ├── @types/jquery@2.0.34
109 silly idealTree ├── @types/materialize-css@0.97.33
109 silly idealTree ├── @types/pickadate@3.5.28
109 silly idealTree ├── abbrev@1.0.9
109 silly idealTree ├── align-text@0.1.4
109 silly idealTree ├── alphanum-sort@1.0.2
109 silly idealTree ├── amdefine@1.0.1
109 silly idealTree ├── ansi-regex@2.0.0
109 silly idealTree ├── ansi-styles@2.2.1
109 silly idealTree ├── ansicolors@0.2.1
109 silly idealTree ├── aproba@1.0.4
109 silly idealTree ├── archive-type@3.2.0
109 silly idealTree ├── archy@1.0.0
109 silly idealTree ├── are-we-there-yet@1.1.2
109 silly idealTree ├── argparse@1.0.9
109 silly idealTree ├── arr-diff@2.0.0
109 silly idealTree ├── arr-flatten@1.0.1
109 silly idealTree ├── array-differ@1.0.0
109 silly idealTree ├── array-find-index@1.0.2
109 silly idealTree ├── array-index@1.0.0
109 silly idealTree ├── array-union@1.0.2
109 silly idealTree ├── array-uniq@1.0.3
109 silly idealTree ├── array-unique@0.2.1
109 silly idealTree ├── arrify@1.0.1
109 silly idealTree ├── asn1@0.2.3
109 silly idealTree ├── assert-plus@0.2.0
109 silly idealTree ├── async-each-series@1.1.0
109 silly idealTree ├── async-foreach@0.1.3
109 silly idealTree ├── async@0.2.10
109 silly idealTree ├── asynckit@0.4.0
109 silly idealTree ├── autoprefixer@6.5.4
109 silly idealTree ├── aws-sign2@0.6.0
109 silly idealTree ├── aws4@1.5.0
109 silly idealTree ├── balanced-match@0.4.2
109 silly idealTree ├── bcrypt-pbkdf@1.0.0
109 silly idealTree ├── beeper@1.1.1
109 silly idealTree ├── bin-build@2.2.0
109 silly idealTree ├── bin-check@2.0.0
109 silly idealTree ├── bin-version-check@2.1.0
109 silly idealTree ├── bin-version@1.0.4
109 silly idealTree ├── bin-wrapper@3.0.2
109 silly idealTree ├─┬ bl@1.2.0
109 silly idealTree │ ├── isarray@1.0.0
109 silly idealTree │ └── readable-stream@2.2.2
109 silly idealTree ├── block-stream@0.0.9
109 silly idealTree ├── bluebird@3.4.6
109 silly idealTree ├─┬ body-parser@1.14.2
109 silly idealTree │ ├── bytes@2.2.0
109 silly idealTree │ ├── debug@2.2.0
109 silly idealTree │ ├── ms@0.7.1
109 silly idealTree │ └── qs@5.2.0
109 silly idealTree ├── boom@2.10.1
109 silly idealTree ├── brace-expansion@1.1.6
109 silly idealTree ├── braces@1.8.5
109 silly idealTree ├── browserslist@1.4.0
109 silly idealTree ├── buffer-crc32@0.2.13
109 silly idealTree ├── buffer-shims@1.0.0
109 silly idealTree ├─┬ buffer-to-vinyl@1.1.0
109 silly idealTree │ ├── isarray@1.0.0
109 silly idealTree │ ├── readable-stream@2.2.2
109 silly idealTree │ └── vinyl@1.2.0
109 silly idealTree ├── bufferstreams@1.0.1
109 silly idealTree ├── builtin-modules@1.1.1
109 silly idealTree ├── bytes@0.3.0
109 silly idealTree ├── cache-swap@0.2.3
109 silly idealTree ├── camelcase-keys@2.1.0
109 silly idealTree ├── camelcase@2.1.1
109 silly idealTree ├── caniuse-db@1.0.30000602
109 silly idealTree ├── capture-stack-trace@1.0.0
109 silly idealTree ├── cardinal@1.0.0
109 silly idealTree ├── caseless@0.11.0
109 silly idealTree ├─┬ caw@1.2.0
109 silly idealTree │ └── object-assign@3.0.0
109 silly idealTree ├── center-align@0.1.3
109 silly idealTree ├── chalk@1.1.3
109 silly idealTree ├── clap@1.1.2
109 silly idealTree ├─┬ clean-css@3.4.23
109 silly idealTree │ └── source-map@0.4.4
109 silly idealTree ├─┬ cli-table@0.3.1
109 silly idealTree │ └── colors@1.0.3
109 silly idealTree ├── cli-usage@0.1.4
109 silly idealTree ├── cli@1.0.1
109 silly idealTree ├── cliui@3.2.0
109 silly idealTree ├── clone-buffer@1.0.0
109 silly idealTree ├── clone-stats@0.0.1
109 silly idealTree ├── clone@1.0.2
109 silly idealTree ├── cloneable-readable@1.0.0
109 silly idealTree ├── co@3.1.0
109 silly idealTree ├── coa@1.0.1
109 silly idealTree ├── code-point-at@1.1.0
109 silly idealTree ├── color-convert@1.8.2
109 silly idealTree ├── color-name@1.1.1
109 silly idealTree ├── color-string@0.3.0
109 silly idealTree ├── color@0.11.4
109 silly idealTree ├── colormin@1.1.2
109 silly idealTree ├── colors@1.1.2
109 silly idealTree ├── combined-stream@1.0.5
109 silly idealTree ├── commander@2.8.1
109 silly idealTree ├── concat-map@0.0.1
109 silly idealTree ├─┬ concat-stream@1.6.0
109 silly idealTree │ ├── isarray@1.0.0
109 silly idealTree │ └── readable-stream@2.2.2
109 silly idealTree ├── concat-with-sourcemaps@1.0.4
109 silly idealTree ├── console-browserify@1.1.0
109 silly idealTree ├── console-control-strings@1.1.0
109 silly idealTree ├── console-stream@0.1.1
109 silly idealTree ├── content-type@1.0.2
109 silly idealTree ├── convert-source-map@1.3.0
109 silly idealTree ├── core-util-is@1.0.2
109 silly idealTree ├── create-error-class@3.0.2
109 silly idealTree ├─┬ cross-spawn@4.0.2
109 silly idealTree │ └── lru-cache@4.0.2
109 silly idealTree ├── cryptiles@2.0.5
109 silly idealTree ├── css-color-names@0.0.4
109 silly idealTree ├── cssnano@3.9.1
109 silly idealTree ├── csso@2.2.1
109 silly idealTree ├── currently-unhandled@0.4.1
109 silly idealTree ├── d@0.1.1
109 silly idealTree ├─┬ dashdash@1.14.1
109 silly idealTree │ └── assert-plus@1.0.0
109 silly idealTree ├── date-now@0.1.4
109 silly idealTree ├── dateformat@1.0.12
109 silly idealTree ├── debug@2.5.1
109 silly idealTree ├── decamelize@1.2.0
109 silly idealTree ├─┬ decompress-tar@3.1.0
109 silly idealTree │ ├── clone@0.2.0
109 silly idealTree │ ├── object-assign@2.1.1
109 silly idealTree │ ├── readable-stream@1.0.34
109 silly idealTree │ ├── through2@0.6.5
109 silly idealTree │ └── vinyl@0.4.6
109 silly idealTree ├─┬ decompress-tarbz2@3.1.0
109 silly idealTree │ ├── clone@0.2.0
109 silly idealTree │ ├── object-assign@2.1.1
109 silly idealTree │ ├── readable-stream@1.0.34
109 silly idealTree │ ├── through2@0.6.5
109 silly idealTree │ └── vinyl@0.4.6
109 silly idealTree ├─┬ decompress-targz@3.1.0
109 silly idealTree │ ├── clone@0.2.0
109 silly idealTree │ ├── object-assign@2.1.1
109 silly idealTree │ ├── readable-stream@1.0.34
109 silly idealTree │ ├── through2@0.6.5
109 silly idealTree │ └── vinyl@0.4.6
109 silly idealTree ├─┬ decompress-unzip@3.4.0
109 silly idealTree │ └── vinyl@1.2.0
109 silly idealTree ├─┬ decompress@3.0.0
109 silly idealTree │ ├── glob-parent@3.1.0
109 silly idealTree │ ├─┬ glob-stream@5.3.5
109 silly idealTree │ │ ├── isarray@0.0.1
109 silly idealTree │ │ ├── readable-stream@1.0.34
109 silly idealTree │ │ └── through2@0.6.5
109 silly idealTree │ ├── glob@5.0.15
109 silly idealTree │ ├── is-extglob@2.1.1
109 silly idealTree │ ├── is-glob@3.1.0
109 silly idealTree │ ├── isarray@1.0.0
109 silly idealTree │ ├── ordered-read-streams@0.3.0
109 silly idealTree │ ├── readable-stream@2.2.2
109 silly idealTree │ ├── unique-stream@2.2.1
109 silly idealTree │ ├── vinyl-fs@2.4.4
109 silly idealTree │ └── vinyl@1.2.0
109 silly idealTree ├── deep-extend@0.4.1
109 silly idealTree ├── defaults@1.0.3
109 silly idealTree ├── defined@1.0.0
109 silly idealTree ├── del@2.2.2
109 silly idealTree ├── delayed-stream@1.0.0
109 silly idealTree ├── delegates@1.0.0
109 silly idealTree ├── depd@1.1.0
109 silly idealTree ├── deprecated@0.0.1
109 silly idealTree ├── detect-file@0.1.0
109 silly idealTree ├─┬ dom-serializer@0.1.0
109 silly idealTree │ ├── domelementtype@1.1.3
109 silly idealTree │ └── entities@1.1.1
109 silly idealTree ├── domelementtype@1.3.0
109 silly idealTree ├── domhandler@2.3.0
109 silly idealTree ├── domutils@1.5.1
109 silly idealTree ├─┬ download@4.4.3
109 silly idealTree │ ├── glob-parent@3.1.0
109 silly idealTree │ ├─┬ glob-stream@5.3.5
109 silly idealTree │ │ ├── isarray@0.0.1
109 silly idealTree │ │ ├── readable-stream@1.0.34
109 silly idealTree │ │ └── through2@0.6.5
109 silly idealTree │ ├── glob@5.0.15
109 silly idealTree │ ├── is-extglob@2.1.1
109 silly idealTree │ ├── is-glob@3.1.0
109 silly idealTree │ ├── isarray@1.0.0
109 silly idealTree │ ├── ordered-read-streams@0.3.0
109 silly idealTree │ ├── readable-stream@2.2.2
109 silly idealTree │ ├── unique-stream@2.2.1
109 silly idealTree │ ├── vinyl-fs@2.4.4
109 silly idealTree │ └── vinyl@1.2.0
109 silly idealTree ├── duplexer@0.1.1
109 silly idealTree ├── duplexer2@0.0.2
109 silly idealTree ├─┬ duplexify@3.5.0
109 silly idealTree │ ├── end-of-stream@1.0.0
109 silly idealTree │ ├── isarray@1.0.0
109 silly idealTree │ ├── once@1.3.3
109 silly idealTree │ └── readable-stream@2.2.2
109 silly idealTree ├── each-async@1.1.1
109 silly idealTree ├── ecc-jsbn@0.1.1
109 silly idealTree ├── ee-first@1.1.1
109 silly idealTree ├─┬ end-of-stream@0.1.5
109 silly idealTree │ └── once@1.3.3
109 silly idealTree ├── entities@1.0.0
109 silly idealTree ├── error-ex@1.3.0
109 silly idealTree ├── es5-ext@0.10.12
109 silly idealTree ├── es6-iterator@2.0.0
109 silly idealTree ├── es6-symbol@3.1.0
109 silly idealTree ├── escape-string-regexp@1.0.5
109 silly idealTree ├── esprima@2.7.3
109 silly idealTree ├── event-stream@3.3.4
109 silly idealTree ├── exec-buffer@3.1.0
109 silly idealTree ├── exec-series@1.0.3
109 silly idealTree ├── execa@0.5.0
109 silly idealTree ├── executable@1.1.0
109 silly idealTree ├── exit@0.1.2
109 silly idealTree ├── expand-brackets@0.1.5
109 silly idealTree ├── expand-range@1.8.2
109 silly idealTree ├── expand-tilde@1.2.2
109 silly idealTree ├── extend-shallow@2.0.1
109 silly idealTree ├── extend@3.0.0
109 silly idealTree ├── extglob@0.3.2
109 silly idealTree ├── extsprintf@1.0.2
109 silly idealTree ├── fancy-log@1.2.0
109 silly idealTree ├── faye-websocket@0.7.3
109 silly idealTree ├── fd-slicer@1.0.1
109 silly idealTree ├── figures@1.7.0
109 silly idealTree ├── file-type@3.9.0
109 silly idealTree ├── filename-regex@2.0.0
109 silly idealTree ├── filename-reserved-regex@1.0.0
109 silly idealTree ├── filenamify@1.2.1
109 silly idealTree ├── fill-range@2.2.3
109 silly idealTree ├── find-index@0.1.1
109 silly idealTree ├── find-up@1.1.2
109 silly idealTree ├── find-versions@1.2.1
109 silly idealTree ├── findup-sync@0.4.3
109 silly idealTree ├── fined@1.0.2
109 silly idealTree ├── first-chunk-stream@1.0.0
109 silly idealTree ├── flagged-respawn@0.3.2
109 silly idealTree ├── flatten@1.0.2
109 silly idealTree ├── for-in@0.1.6
109 silly idealTree ├── for-own@0.1.4
109 silly idealTree ├── forever-agent@0.6.1
109 silly idealTree ├── form-data@2.1.2
109 silly idealTree ├── from@0.1.3
109 silly idealTree ├── fs-exists-sync@0.1.0
109 silly idealTree ├── fs.realpath@1.0.0
109 silly idealTree ├── fstream@1.0.10
109 silly idealTree ├── function-bind@1.1.0
109 silly idealTree ├── gauge@2.6.0
109 silly idealTree ├── gaze@0.5.2
109 silly idealTree ├── generate-function@2.0.0
109 silly idealTree ├── generate-object-property@1.2.0
109 silly idealTree ├── get-caller-file@1.0.2
109 silly idealTree ├── get-proxy@1.1.0
109 silly idealTree ├── get-stdin@4.0.1
109 silly idealTree ├── get-stream@2.3.1
109 silly idealTree ├─┬ getpass@0.1.6
109 silly idealTree │ └── assert-plus@1.0.0
109 silly idealTree ├── gifsicle@3.0.4
109 silly idealTree ├── glob-base@0.3.0
109 silly idealTree ├── glob-parent@2.0.0
109 silly idealTree ├─┬ glob-stream@3.1.18
109 silly idealTree │ ├── glob@4.5.3
109 silly idealTree │ ├── minimatch@2.0.10
109 silly idealTree │ ├── readable-stream@1.0.34
109 silly idealTree │ └── through2@0.6.5
109 silly idealTree ├── glob-watcher@0.0.6
109 silly idealTree ├── glob@7.1.1
109 silly idealTree ├── glob2base@0.0.12
109 silly idealTree ├── global-modules@0.2.3
109 silly idealTree ├── global-prefix@0.1.5
109 silly idealTree ├── globby@5.0.0
109 silly idealTree ├─┬ globule@0.1.0
109 silly idealTree │ ├── glob@3.1.21
109 silly idealTree │ ├── graceful-fs@1.2.3
109 silly idealTree │ ├── inherits@1.0.2
109 silly idealTree │ └── minimatch@0.2.14
109 silly idealTree ├── glogg@1.0.0
109 silly idealTree ├─┬ got@5.7.1
109 silly idealTree │ ├── duplexer2@0.1.4
109 silly idealTree │ ├── isarray@1.0.0
109 silly idealTree │ └── readable-stream@2.2.2
109 silly idealTree ├── graceful-fs@4.1.11
109 silly idealTree ├── graceful-readlink@1.0.1
109 silly idealTree ├── growly@1.3.0
109 silly idealTree ├── gulp-autoprefixer@3.1.1
109 silly idealTree ├─┬ gulp-cache@0.4.5
109 silly idealTree │ ├── isarray@1.0.0
109 silly idealTree │ ├── readable-stream@2.2.2
109 silly idealTree │ └── vinyl@1.2.0
109 silly idealTree ├─┬ gulp-concat@2.6.1
109 silly idealTree │ ├── clone-stats@1.0.0
109 silly idealTree │ ├── replace-ext@1.0.0
109 silly idealTree │ └── vinyl@2.0.1
109 silly idealTree ├── gulp-cssnano@2.1.2
109 silly idealTree ├─┬ gulp-decompress@1.2.0
109 silly idealTree │ ├── isarray@1.0.0
109 silly idealTree │ └── readable-stream@2.2.2
109 silly idealTree ├─┬ gulp-gzip@1.4.0
109 silly idealTree │ ├── ansi-regex@0.2.1
109 silly idealTree │ ├── ansi-styles@1.1.0
109 silly idealTree │ ├── chalk@0.5.1
109 silly idealTree │ ├─┬ gulp-util@2.2.20
109 silly idealTree │ │ └── through2@0.5.1
109 silly idealTree │ ├── has-ansi@0.1.0
109 silly idealTree │ ├── lodash._reinterpolate@2.4.1
109 silly idealTree │ ├── lodash.escape@2.4.1
109 silly idealTree │ ├── lodash.keys@2.4.1
109 silly idealTree │ ├── lodash.template@2.4.1
109 silly idealTree │ ├── lodash.templatesettings@2.4.1
109 silly idealTree │ ├── minimist@0.2.0
109 silly idealTree │ ├── readable-stream@1.0.34
109 silly idealTree │ ├── strip-ansi@0.3.0
109 silly idealTree │ ├── supports-color@0.2.0
109 silly idealTree │ ├─┬ through2@0.4.2
109 silly idealTree │ │ └── xtend@2.1.2
109 silly idealTree │ ├── vinyl@0.2.3
109 silly idealTree │ └── xtend@3.0.0
109 silly idealTree ├── gulp-imagemin@3.1.1
109 silly idealTree ├─┬ gulp-jshint@2.0.4
109 silly idealTree │ └── lodash@4.17.2
109 silly idealTree ├─┬ gulp-livereload@3.8.1
109 silly idealTree │ ├── ansi-regex@0.2.1
109 silly idealTree │ ├── ansi-styles@1.1.0
109 silly idealTree │ ├── chalk@0.5.1
109 silly idealTree │ ├── has-ansi@0.1.0
109 silly idealTree │ ├── lodash.assign@3.2.0
109 silly idealTree │ ├── strip-ansi@0.3.0
109 silly idealTree │ └── supports-color@0.2.0
109 silly idealTree ├─┬ gulp-minify-css@1.2.4
109 silly idealTree │ ├── isarray@1.0.0
109 silly idealTree │ └── readable-stream@2.2.2
109 silly idealTree ├─┬ gulp-notify@2.2.0
109 silly idealTree │ ├── readable-stream@1.0.34
109 silly idealTree │ └── through2@0.6.5
109 silly idealTree ├── gulp-rename@1.2.2
109 silly idealTree ├── gulp-sass@3.0.0
109 silly idealTree ├─┬ gulp-sourcemaps@1.6.0
109 silly idealTree │ └── vinyl@1.2.0
109 silly idealTree ├─┬ gulp-typescript@3.1.3
109 silly idealTree │ ├── glob-parent@3.1.0
109 silly idealTree │ ├─┬ glob-stream@5.3.5
109 silly idealTree │ │ ├── isarray@0.0.1
109 silly idealTree │ │ ├── readable-stream@1.0.34
109 silly idealTree │ │ └── through2@0.6.5
109 silly idealTree │ ├── glob@5.0.15
109 silly idealTree │ ├── is-extglob@2.1.1
109 silly idealTree │ ├── is-glob@3.1.0
109 silly idealTree │ ├── isarray@1.0.0
109 silly idealTree │ ├── ordered-read-streams@0.3.0
109 silly idealTree │ ├── readable-stream@2.2.2
109 silly idealTree │ ├── unique-stream@2.2.1
109 silly idealTree │ ├── vinyl-fs@2.4.4
109 silly idealTree │ └── vinyl@1.2.0
109 silly idealTree ├─┬ gulp-uglify@2.0.0
109 silly idealTree │ ├── camelcase@1.2.1
109 silly idealTree │ ├── cliui@2.1.0
109 silly idealTree │ ├── lodash@4.17.2
109 silly idealTree │ ├── uglify-js@2.7.0
109 silly idealTree │ ├── window-size@0.1.0
109 silly idealTree │ └── yargs@3.10.0
109 silly idealTree ├─┬ gulp-util@3.0.7
109 silly idealTree │ └── object-assign@3.0.0
109 silly idealTree ├── gulp@3.9.1
109 silly idealTree ├── gulplog@1.0.0
109 silly idealTree ├─┬ har-validator@2.0.6
109 silly idealTree │ └── commander@2.9.0
109 silly idealTree ├── has-ansi@2.0.0
109 silly idealTree ├── has-color@0.1.7
109 silly idealTree ├── has-flag@1.0.0
109 silly idealTree ├── has-gulplog@0.1.0
109 silly idealTree ├── has-unicode@2.0.1
109 silly idealTree ├── has@1.0.1
109 silly idealTree ├── hawk@3.1.3
109 silly idealTree ├── hoek@2.16.3
109 silly idealTree ├── homedir-polyfill@1.0.1
109 silly idealTree ├── hosted-git-info@2.1.5
109 silly idealTree ├── html-comment-regex@1.1.1
109 silly idealTree ├── htmlparser2@3.8.3
109 silly idealTree ├── http-errors@1.3.1
109 silly idealTree ├── http-signature@1.1.1
109 silly idealTree ├── iconv-lite@0.4.13
109 silly idealTree ├── imagemin-gifsicle@5.1.0
109 silly idealTree ├── imagemin-jpegtran@5.0.2
109 silly idealTree ├── imagemin-optipng@5.2.1
109 silly idealTree ├── imagemin-svgo@5.2.0
109 silly idealTree ├── imagemin@5.2.2
109 silly idealTree ├── in-publish@2.0.0
109 silly idealTree ├── indent-string@2.1.0
109 silly idealTree ├── indexes-of@1.0.1
109 silly idealTree ├── inflight@1.0.6
109 silly idealTree ├── inherits@2.0.3
109 silly idealTree ├── ini@1.3.4
109 silly idealTree ├── interpret@1.0.1
109 silly idealTree ├── invert-kv@1.0.0
109 silly idealTree ├── ip-regex@1.0.3
109 silly idealTree ├── irregular-plurals@1.2.0
109 silly idealTree ├── is-absolute-url@2.1.0
109 silly idealTree ├── is-absolute@0.2.6
109 silly idealTree ├── is-arrayish@0.2.1
109 silly idealTree ├── is-buffer@1.1.4
109 silly idealTree ├── is-builtin-module@1.0.0
109 silly idealTree ├── is-bzip2@1.0.0
109 silly idealTree ├── is-dotfile@1.0.2
109 silly idealTree ├── is-equal-shallow@0.1.3
109 silly idealTree ├── is-extendable@0.1.1
109 silly idealTree ├── is-extglob@1.0.0
109 silly idealTree ├── is-finite@1.0.2
109 silly idealTree ├── is-fullwidth-code-point@1.0.0
109 silly idealTree ├── is-gif@1.0.0
109 silly idealTree ├── is-glob@2.0.1
109 silly idealTree ├── is-gzip@1.0.0
109 silly idealTree ├── is-jpg@1.0.0
109 silly idealTree ├── is-my-json-valid@2.15.0
109 silly idealTree ├── is-natural-number@2.1.1
109 silly idealTree ├── is-number@2.1.0
109 silly idealTree ├── is-obj@1.0.1
109 silly idealTree ├── is-path-cwd@1.0.0
109 silly idealTree ├── is-path-in-cwd@1.0.0
109 silly idealTree ├── is-path-inside@1.0.0
109 silly idealTree ├── is-plain-obj@1.1.0
109 silly idealTree ├── is-png@1.0.0
109 silly idealTree ├── is-posix-bracket@0.1.1
109 silly idealTree ├── is-primitive@2.0.0
109 silly idealTree ├── is-property@1.0.2
109 silly idealTree ├── is-redirect@1.0.0
109 silly idealTree ├── is-relative@0.2.1
109 silly idealTree ├── is-retry-allowed@1.1.0
109 silly idealTree ├── is-stream@1.1.0
109 silly idealTree ├── is-svg@2.1.0
109 silly idealTree ├── is-tar@1.0.0
109 silly idealTree ├── is-typedarray@1.0.0
109 silly idealTree ├── is-unc-path@0.1.2
109 silly idealTree ├── is-url@1.2.2
109 silly idealTree ├── is-utf8@0.2.1
109 silly idealTree ├── is-valid-glob@0.3.0
109 silly idealTree ├── is-windows@0.2.0
109 silly idealTree ├── is-zip@1.0.0
109 silly idealTree ├── is@3.2.0
109 silly idealTree ├── isarray@0.0.1
109 silly idealTree ├── isexe@1.1.2
109 silly idealTree ├─┬ isobject@2.1.0
109 silly idealTree │ └── isarray@1.0.0
109 silly idealTree ├── isstream@0.1.2
109 silly idealTree ├── jodid25519@1.0.2
109 silly idealTree ├── jpegtran-bin@3.2.0
109 silly idealTree ├── js-base64@2.1.9
109 silly idealTree ├── js-yaml@3.6.1
109 silly idealTree ├── jsbn@0.1.0
109 silly idealTree ├─┬ jshint@2.9.4
109 silly idealTree │ └── lodash@3.7.0
109 silly idealTree ├── json-schema@0.2.3
109 silly idealTree ├── json-stable-stringify@1.0.1
109 silly idealTree ├── json-stringify-safe@5.0.1
109 silly idealTree ├── jsonify@0.0.0
109 silly idealTree ├── jsonpointer@4.0.1
109 silly idealTree ├── jsprim@1.3.1
109 silly idealTree ├── kind-of@3.1.0
109 silly idealTree ├── lazy-cache@1.0.4
109 silly idealTree ├── lazy-req@1.1.0
109 silly idealTree ├─┬ lazystream@1.0.0
109 silly idealTree │ ├── isarray@1.0.0
109 silly idealTree │ └── readable-stream@2.2.2
109 silly idealTree ├── lcid@1.0.0
109 silly idealTree ├── liftoff@2.3.0
109 silly idealTree ├── livereload-js@2.2.2
109 silly idealTree ├── load-json-file@1.1.0
109 silly idealTree ├── lodash._arraycopy@3.0.0
109 silly idealTree ├── lodash._arrayeach@3.0.0
109 silly idealTree ├── lodash._baseassign@3.2.0
109 silly idealTree ├── lodash._baseclone@3.3.0
109 silly idealTree ├── lodash._basecopy@3.0.1
109 silly idealTree ├── lodash._basefor@3.0.3
109 silly idealTree ├── lodash._basetostring@3.0.1
109 silly idealTree ├── lodash._basevalues@3.0.0
109 silly idealTree ├── lodash._bindcallback@3.0.1
109 silly idealTree ├── lodash._createassigner@3.1.1
109 silly idealTree ├── lodash._escapehtmlchar@2.4.1
109 silly idealTree ├── lodash._escapestringchar@2.4.1
109 silly idealTree ├── lodash._getnative@3.9.1
109 silly idealTree ├── lodash._htmlescapes@2.4.1
109 silly idealTree ├── lodash._isiterateecall@3.0.9
109 silly idealTree ├── lodash._isnative@2.4.1
109 silly idealTree ├── lodash._objecttypes@2.4.1
109 silly idealTree ├── lodash._reescape@3.0.0
109 silly idealTree ├── lodash._reevaluate@3.0.0
109 silly idealTree ├── lodash._reinterpolate@3.0.0
109 silly idealTree ├─┬ lodash._reunescapedhtml@2.4.1
109 silly idealTree │ └── lodash.keys@2.4.1
109 silly idealTree ├── lodash._root@3.0.1
109 silly idealTree ├── lodash._shimkeys@2.4.1
109 silly idealTree ├── lodash.assign@4.2.0
109 silly idealTree ├── lodash.assignwith@4.2.0
109 silly idealTree ├── lodash.clonedeep@4.5.0
109 silly idealTree ├─┬ lodash.defaults@2.4.1
109 silly idealTree │ └── lodash.keys@2.4.1
109 silly idealTree ├── lodash.escape@3.2.0
109 silly idealTree ├── lodash.indexof@4.0.5
109 silly idealTree ├── lodash.isarguments@3.1.0
109 silly idealTree ├── lodash.isarray@3.0.4
109 silly idealTree ├── lodash.isempty@4.4.0
109 silly idealTree ├── lodash.isequal@4.4.0
109 silly idealTree ├── lodash.isobject@2.4.1
109 silly idealTree ├── lodash.isplainobject@4.0.6
109 silly idealTree ├── lodash.isstring@4.0.1
109 silly idealTree ├── lodash.keys@3.1.2
109 silly idealTree ├── lodash.mapvalues@4.6.0
109 silly idealTree ├── lodash.merge@4.6.0
109 silly idealTree ├── lodash.mergewith@4.6.0
109 silly idealTree ├── lodash.pick@4.4.0
109 silly idealTree ├── lodash.restparam@3.6.1
109 silly idealTree ├── lodash.template@3.6.2
109 silly idealTree ├── lodash.templatesettings@3.1.1
109 silly idealTree ├─┬ lodash.values@2.4.1
109 silly idealTree │ └── lodash.keys@2.4.1
109 silly idealTree ├── lodash@1.0.2
109 silly idealTree ├── logalot@2.1.0
109 silly idealTree ├── longest@1.0.1
109 silly idealTree ├── loud-rejection@1.6.0
109 silly idealTree ├── lowercase-keys@1.0.0
109 silly idealTree ├── lpad-align@1.1.0
109 silly idealTree ├── lpad@2.0.1
109 silly idealTree ├── lru-cache@2.7.3
109 silly idealTree ├── macaddress@0.2.8
109 silly idealTree ├── make-error-cause@1.2.2
109 silly idealTree ├── make-error@1.2.1
109 silly idealTree ├── map-cache@0.2.2
109 silly idealTree ├── map-obj@1.0.1
109 silly idealTree ├── map-stream@0.1.0
109 silly idealTree ├── marked-terminal@1.7.0
109 silly idealTree ├── marked@0.3.6
109 silly idealTree ├── math-expression-evaluator@1.2.14
109 silly idealTree ├── media-typer@0.3.0
109 silly idealTree ├── meow@3.7.0
109 silly idealTree ├─┬ merge-stream@1.0.1
109 silly idealTree │ ├── isarray@1.0.0
109 silly idealTree │ └── readable-stream@2.2.2
109 silly idealTree ├── micromatch@2.3.11
109 silly idealTree ├── mime-db@1.25.0
109 silly idealTree ├── mime-types@2.1.13
109 silly idealTree ├── mini-lr@0.1.9
109 silly idealTree ├── minimatch@3.0.3
109 silly idealTree ├── minimist@1.2.0
109 silly idealTree ├─┬ mkdirp@0.5.1
109 silly idealTree │ └── minimist@0.0.8
109 silly idealTree ├── ms@0.7.2
109 silly idealTree ├── multipipe@0.1.2
109 silly idealTree ├── nan@2.5.0
109 silly idealTree ├── natives@1.1.0
109 silly idealTree ├── node-emoji@1.4.3
109 silly idealTree ├─┬ node-gyp@3.4.0
109 silly idealTree │ └── npmlog@3.1.2
109 silly idealTree ├─┬ node-notifier@4.6.1
109 silly idealTree │ ├── lodash.clonedeep@3.0.2
109 silly idealTree │ └── semver@5.3.0
109 silly idealTree ├─┬ node-sass@4.1.1
109 silly idealTree │ ├── cross-spawn@3.0.1
109 silly idealTree │ ├── gaze@1.1.2
109 silly idealTree │ ├── globule@1.1.0
109 silly idealTree │ ├── lodash@4.16.6
109 silly idealTree │ └── lru-cache@4.0.2
109 silly idealTree ├── node-status-codes@1.0.0
109 silly idealTree ├── node.extend@1.1.6
109 silly idealTree ├── nopt@3.0.6
109 silly idealTree ├── normalize-package-data@2.3.5
109 silly idealTree ├── normalize-path@2.0.1
109 silly idealTree ├── normalize-range@0.1.2
109 silly idealTree ├── normalize-url@1.8.0
109 silly idealTree ├── npm-run-path@2.0.2
109 silly idealTree ├─┬ npmlog@4.0.2
109 silly idealTree │ ├── gauge@2.7.2
109 silly idealTree │ └── supports-color@0.2.0
109 silly idealTree ├── num2fraction@1.2.2
109 silly idealTree ├── number-is-nan@1.0.1
109 silly idealTree ├── oauth-sign@0.8.2
109 silly idealTree ├── object-assign@4.1.0
109 silly idealTree ├── object-keys@0.4.0
109 silly idealTree ├── object.omit@2.0.1
109 silly idealTree ├── object.pick@1.2.0
109 silly idealTree ├── on-finished@2.3.0
109 silly idealTree ├── once@1.4.0
109 silly idealTree ├── onetime@1.1.0
109 silly idealTree ├── optipng-bin@3.1.2
109 silly idealTree ├── orchestrator@0.3.8
109 silly idealTree ├── ordered-read-streams@0.1.0
109 silly idealTree ├── os-filter-obj@1.0.3
109 silly idealTree ├── os-homedir@1.0.2
109 silly idealTree ├── os-locale@1.4.0
109 silly idealTree ├── os-tmpdir@1.0.2
109 silly idealTree ├── osenv@0.1.4
109 silly idealTree ├── p-finally@1.0.0
109 silly idealTree ├── parse-filepath@1.0.1
109 silly idealTree ├── parse-glob@3.0.4
109 silly idealTree ├── parse-json@2.2.0
109 silly idealTree ├── parse-passwd@1.0.0
109 silly idealTree ├── parseurl@1.3.1
109 silly idealTree ├── path-array@1.0.1
109 silly idealTree ├── path-dirname@1.0.2
109 silly idealTree ├── path-exists@2.1.0
109 silly idealTree ├── path-is-absolute@1.0.1
109 silly idealTree ├── path-is-inside@1.0.2
109 silly idealTree ├── path-key@2.0.1
109 silly idealTree ├── path-root-regex@0.1.2
109 silly idealTree ├── path-root@0.1.1
109 silly idealTree ├── path-type@1.1.0
109 silly idealTree ├── pause-stream@0.0.11
109 silly idealTree ├── pend@1.2.0
109 silly idealTree ├── pify@2.3.0
109 silly idealTree ├── pinkie-promise@2.0.1
109 silly idealTree ├── pinkie@2.0.4
109 silly idealTree ├── plur@2.1.2
109 silly idealTree ├── postcss-calc@5.3.1
109 silly idealTree ├── postcss-colormin@2.2.1
109 silly idealTree ├── postcss-convert-values@2.5.0
109 silly idealTree ├── postcss-discard-comments@2.0.4
109 silly idealTree ├── postcss-discard-duplicates@2.0.2
109 silly idealTree ├── postcss-discard-empty@2.1.0
109 silly idealTree ├── postcss-discard-overridden@0.1.1
109 silly idealTree ├── postcss-discard-unused@2.2.3
109 silly idealTree ├── postcss-filter-plugins@2.0.2
109 silly idealTree ├── postcss-merge-idents@2.1.7
109 silly idealTree ├── postcss-merge-longhand@2.0.1
109 silly idealTree ├── postcss-merge-rules@2.0.11
109 silly idealTree ├── postcss-message-helpers@2.0.0
109 silly idealTree ├── postcss-minify-font-values@1.0.5
109 silly idealTree ├── postcss-minify-gradients@1.0.5
109 silly idealTree ├── postcss-minify-params@1.2.1
109 silly idealTree ├── postcss-minify-selectors@2.0.7
109 silly idealTree ├── postcss-normalize-charset@1.1.1
109 silly idealTree ├── postcss-normalize-url@3.0.7
109 silly idealTree ├── postcss-ordered-values@2.2.2
109 silly idealTree ├── postcss-reduce-idents@2.3.1
109 silly idealTree ├── postcss-reduce-initial@1.0.0
109 silly idealTree ├── postcss-reduce-transforms@1.0.4
109 silly idealTree ├── postcss-selector-parser@2.2.2
109 silly idealTree ├── postcss-svgo@2.1.6
109 silly idealTree ├── postcss-unique-selectors@2.0.2
109 silly idealTree ├── postcss-value-parser@3.3.0
109 silly idealTree ├── postcss-zindex@2.2.0
109 silly idealTree ├─┬ postcss@5.2.6
109 silly idealTree │ └── supports-color@3.1.2
109 silly idealTree ├── prepend-http@1.0.4
109 silly idealTree ├── preserve@0.2.0
109 silly idealTree ├── pretty-bytes@4.0.2
109 silly idealTree ├── pretty-hrtime@1.0.3
109 silly idealTree ├── process-nextick-args@1.0.7
109 silly idealTree ├── promise.pipe@3.0.0
109 silly idealTree ├── pseudomap@1.0.2
109 silly idealTree ├── punycode@1.4.1
109 silly idealTree ├── q@1.4.1
109 silly idealTree ├── qs@2.2.5
109 silly idealTree ├── query-string@4.2.3
109 silly idealTree ├── randomatic@1.1.6
109 silly idealTree ├─┬ raw-body@2.1.7
109 silly idealTree │ └── bytes@2.4.0
109 silly idealTree ├── rc@1.1.6
109 silly idealTree ├── rcfinder@0.1.9
109 silly idealTree ├─┬ rcloader@0.2.2
109 silly idealTree │ └── lodash.isobject@3.0.2
109 silly idealTree ├─┬ read-all-stream@3.1.0
109 silly idealTree │ ├── isarray@1.0.0
109 silly idealTree │ └── readable-stream@2.2.2
109 silly idealTree ├── read-pkg-up@1.0.1
109 silly idealTree ├── read-pkg@1.1.0
109 silly idealTree ├── readable-stream@1.1.14
109 silly idealTree ├── rechoir@0.6.2
109 silly idealTree ├── redent@1.0.0
109 silly idealTree ├─┬ redeyed@1.0.1
109 silly idealTree │ └── esprima@3.0.0
109 silly idealTree ├── reduce-css-calc@1.3.0
109 silly idealTree ├── reduce-function-call@1.0.2
109 silly idealTree ├── regex-cache@0.4.3
109 silly idealTree ├── remove-trailing-separator@1.0.1
109 silly idealTree ├── repeat-element@1.1.2
109 silly idealTree ├── repeat-string@1.6.1
109 silly idealTree ├── repeating@2.0.1
109 silly idealTree ├── replace-ext@0.0.1
109 silly idealTree ├─┬ request@2.79.0
109 silly idealTree │ ├── qs@6.3.0
109 silly idealTree │ └── uuid@3.0.1
109 silly idealTree ├── require-directory@2.1.1
109 silly idealTree ├── require-main-filename@1.0.1
109 silly idealTree ├── resolve-dir@0.1.1
109 silly idealTree ├── resolve@1.2.0
109 silly idealTree ├── right-align@0.1.3
109 silly idealTree ├── rimraf@2.5.4
109 silly idealTree ├─┬ sass-graph@2.1.2
109 silly idealTree │ └── lodash@4.17.2
109 silly idealTree ├── sax@1.2.1
109 silly idealTree ├── seek-bzip@1.0.5
109 silly idealTree ├── semver-regex@1.0.0
109 silly idealTree ├─┬ semver-truncate@1.1.2
109 silly idealTree │ └── semver@5.3.0
109 silly idealTree ├── semver@4.3.6
109 silly idealTree ├── sequencify@0.0.7
109 silly idealTree ├── set-blocking@2.0.0
109 silly idealTree ├── set-immediate-shim@1.0.1
109 silly idealTree ├── shelljs@0.3.0
109 silly idealTree ├── shellwords@0.1.0
109 silly idealTree ├── sigmund@1.0.1
109 silly idealTree ├── signal-exit@3.0.2
109 silly idealTree ├── sntp@1.0.9
109 silly idealTree ├── sort-keys@1.1.2
109 silly idealTree ├── source-map@0.5.6
109 silly idealTree ├── sparkles@1.0.0
109 silly idealTree ├── spdx-correct@1.0.2
109 silly idealTree ├── spdx-expression-parse@1.0.4
109 silly idealTree ├── spdx-license-ids@1.2.2
109 silly idealTree ├── split@0.3.3
109 silly idealTree ├── sprintf-js@1.0.3
109 silly idealTree ├── squeak@1.3.0
109 silly idealTree ├─┬ sshpk@1.10.1
109 silly idealTree │ └── assert-plus@1.0.0
109 silly idealTree ├── stat-mode@0.2.2
109 silly idealTree ├── statuses@1.3.1
109 silly idealTree ├─┬ stdout-stream@1.4.0
109 silly idealTree │ ├── isarray@1.0.0
109 silly idealTree │ └── readable-stream@2.2.2
109 silly idealTree ├── stream-combiner@0.0.4
109 silly idealTree ├─┬ stream-combiner2@1.1.1
109 silly idealTree │ ├── duplexer2@0.1.4
109 silly idealTree │ ├── isarray@1.0.0
109 silly idealTree │ └── readable-stream@2.2.2
109 silly idealTree ├── stream-consume@0.1.0
109 silly idealTree ├── stream-shift@1.0.0
109 silly idealTree ├── stream-to-array@1.0.0
109 silly idealTree ├── strict-uri-encode@1.1.0
109 silly idealTree ├── string_decoder@0.10.31
109 silly idealTree ├── string-width@1.0.2
109 silly idealTree ├── string.prototype.codepointat@0.2.0
109 silly idealTree ├── stringstream@0.0.5
109 silly idealTree ├── strip-ansi@3.0.1
109 silly idealTree ├── strip-bom-stream@1.0.0
109 silly idealTree ├── strip-bom@2.0.0
109 silly idealTree ├─┬ strip-dirs@1.1.1
109 silly idealTree │ ├── is-absolute@0.1.7
109 silly idealTree │ └── is-relative@0.1.3
109 silly idealTree ├── strip-eof@1.0.0
109 silly idealTree ├── strip-indent@1.0.1
109 silly idealTree ├── strip-json-comments@1.0.4
109 silly idealTree ├── strip-outer@1.0.0
109 silly idealTree ├── sum-up@1.0.3
109 silly idealTree ├── supports-color@2.0.0
109 silly idealTree ├── svgo@0.7.1
109 silly idealTree ├─┬ tar-stream@1.5.2
109 silly idealTree │ ├── end-of-stream@1.1.0
109 silly idealTree │ ├── isarray@1.0.0
109 silly idealTree │ ├── once@1.3.3
109 silly idealTree │ └── readable-stream@2.2.2
109 silly idealTree ├── tar@2.2.1
109 silly idealTree ├── tempfile@1.1.1
109 silly idealTree ├── through@2.3.8
109 silly idealTree ├── through2-concurrent@1.1.1
109 silly idealTree ├── through2-filter@2.0.0
109 silly idealTree ├─┬ through2@2.0.3
109 silly idealTree │ ├── isarray@1.0.0
109 silly idealTree │ └── readable-stream@2.2.2
109 silly idealTree ├── tildify@1.2.0
109 silly idealTree ├── time-stamp@1.0.1
109 silly idealTree ├── timed-out@3.1.0
109 silly idealTree ├── to-absolute-glob@0.1.1
109 silly idealTree ├── tough-cookie@2.3.2
109 silly idealTree ├── trim-newlines@1.0.0
109 silly idealTree ├── trim-repeated@1.0.0
109 silly idealTree ├── try-json-parse@0.1.1
109 silly idealTree ├── tunnel-agent@0.4.3
109 silly idealTree ├── tweetnacl@0.14.5
109 silly idealTree ├── type-is@1.6.14
109 silly idealTree ├── typedarray@0.0.6
109 silly idealTree ├── typescript@2.1.4
109 silly idealTree ├─┬ uglify-js@2.7.5
109 silly idealTree │ ├── camelcase@1.2.1
109 silly idealTree │ ├── cliui@2.1.0
109 silly idealTree │ ├── window-size@0.1.0
109 silly idealTree │ └── yargs@3.10.0
109 silly idealTree ├── uglify-save-license@0.4.1
109 silly idealTree ├── uglify-to-browserify@1.0.2
109 silly idealTree ├── unc-path-regex@0.1.2
109 silly idealTree ├── uniq@1.0.1
109 silly idealTree ├── uniqid@4.1.0
109 silly idealTree ├── uniqs@2.0.0
109 silly idealTree ├── unique-stream@1.0.0
109 silly idealTree ├── unpipe@1.0.0
109 silly idealTree ├── unzip-response@1.0.2
109 silly idealTree ├── url-parse-lax@1.0.0
109 silly idealTree ├── url-regex@3.2.0
109 silly idealTree ├── user-home@1.1.1
109 silly idealTree ├── util-deprecate@1.0.2
109 silly idealTree ├── uuid@2.0.3
109 silly idealTree ├── v8flags@2.0.11
109 silly idealTree ├── vali-date@1.0.0
109 silly idealTree ├── validate-npm-package-license@3.0.1
109 silly idealTree ├── vendors@1.0.1
109 silly idealTree ├── verror@1.3.6
109 silly idealTree ├─┬ vinyl-assign@1.2.1
109 silly idealTree │ ├── isarray@1.0.0
109 silly idealTree │ └── readable-stream@2.2.2
109 silly idealTree ├── vinyl-bufferstream@1.0.1
109 silly idealTree ├─┬ vinyl-fs@0.3.14
109 silly idealTree │ ├── clone@0.2.0
109 silly idealTree │ ├── graceful-fs@3.0.11
109 silly idealTree │ ├── readable-stream@1.0.34
109 silly idealTree │ ├── strip-bom@1.0.0
109 silly idealTree │ ├── through2@0.6.5
109 silly idealTree │ └── vinyl@0.4.6
109 silly idealTree ├── vinyl-sourcemaps-apply@0.2.1
109 silly idealTree ├── vinyl@0.5.3
109 silly idealTree ├── ware@1.3.0
109 silly idealTree ├── websocket-driver@0.6.5
109 silly idealTree ├── websocket-extensions@0.1.1
109 silly idealTree ├── whet.extend@0.9.9
109 silly idealTree ├── which-module@1.0.0
109 silly idealTree ├── which@1.2.12
109 silly idealTree ├── wide-align@1.1.0
109 silly idealTree ├── window-size@0.2.0
109 silly idealTree ├── wordwrap@0.0.2
109 silly idealTree ├── wrap-ansi@2.1.0
109 silly idealTree ├── wrap-fn@0.1.5
109 silly idealTree ├── wrappy@1.0.2
109 silly idealTree ├── xtend@4.0.1
109 silly idealTree ├── y18n@3.2.1
109 silly idealTree ├── yallist@2.0.0
109 silly idealTree ├─┬ yargs-parser@2.4.1
109 silly idealTree │ └── camelcase@3.0.0
109 silly idealTree ├── yargs@4.8.1
109 silly idealTree └── yauzl@2.7.0
110 silly generateActionsToTake Starting
111 silly install generateActionsToTake
112 warn checkPermissions Missing write access to /home/websites/CartoV3/node_modules/@types
113 silly rollbackFailedOptional Starting
114 silly rollbackFailedOptional Finishing
115 silly runTopLevelLifecycles Finishing
116 silly install printInstalled
117 warn pagesvertes@2.0.0 No repository field.
118 verbose If you need help, you may report this error at:
118 verbose     <https://github.com/npm/npm/issues>
119 verbose stack Error: EACCES: permission denied, access '/home/websites/CartoV3/node_modules/@types'
120 verbose cwd /home/websites/CartoV3
121 error Linux 3.16.0-4-amd64
122 error argv "/usr/bin/nodejs" "/usr/bin/npm" "install" "--save-dev" "@types/materialize-css"
123 error node v7.2.1
124 error npm  v3.10.10
125 error path /home/websites/CartoV3/node_modules/@types
126 error code EACCES
127 error errno -13
128 error syscall access
129 error Error: EACCES: permission denied, access '/home/websites/CartoV3/node_modules/@types'
129 error  { Error: EACCES: permission denied, access '/home/websites/CartoV3/node_modules/@types'
129 error   errno: -13,
129 error   code: 'EACCES',
129 error   syscall: 'access',
129 error   path: '/home/websites/CartoV3/node_modules/@types' }
130 error Please try running this command again as root/Administrator.
131 verbose exit [ -13, true ]
